{"/Users/carsonnwright/Projects/gadgeteer/lib/index.js": {"path":"/Users/carsonnwright/Projects/gadgeteer/lib/index.js","statementMap":{"0":{"start":{"line":1,"column":15},"end":{"line":1,"column":34}},"1":{"start":{"line":2,"column":14},"end":{"line":2,"column":32}},"2":{"start":{"line":3,"column":11},"end":{"line":3,"column":26}},"3":{"start":{"line":4,"column":14},"end":{"line":4,"column":32}},"4":{"start":{"line":5,"column":19},"end":{"line":5,"column":42}},"5":{"start":{"line":6,"column":14},"end":{"line":6,"column":32}},"6":{"start":{"line":7,"column":15},"end":{"line":7,"column":34}},"7":{"start":{"line":8,"column":18},"end":{"line":8,"column":40}},"8":{"start":{"line":11,"column":0},"end":{"line":24,"column":1}},"9":{"start":{"line":13,"column":8},"end":{"line":13,"column":22}},"10":{"start":{"line":14,"column":8},"end":{"line":14,"column":56}},"11":{"start":{"line":15,"column":8},"end":{"line":15,"column":44}},"12":{"start":{"line":16,"column":8},"end":{"line":16,"column":53}},"13":{"start":{"line":17,"column":8},"end":{"line":17,"column":68}},"14":{"start":{"line":18,"column":8},"end":{"line":18,"column":53}},"15":{"start":{"line":19,"column":8},"end":{"line":19,"column":53}},"16":{"start":{"line":20,"column":8},"end":{"line":20,"column":56}},"17":{"start":{"line":21,"column":8},"end":{"line":21,"column":65}},"18":{"start":{"line":22,"column":8},"end":{"line":22,"column":23}}},"fnMap":{"0":{"name":"(anonymous_0)","decl":{"start":{"line":12,"column":19},"end":{"line":12,"column":20}},"loc":{"start":{"line":12,"column":27},"end":{"line":23,"column":5}},"line":12}},"branchMap":{},"s":{"0":10,"1":10,"2":10,"3":10,"4":10,"5":10,"6":10,"7":10,"8":10,"9":51,"10":51,"11":51,"12":51,"13":51,"14":51,"15":51,"16":51,"17":51,"18":51},"f":{"0":51},"b":{},"_coverageSchema":"43e27e138ebf9cfc5966b082cf9a028302ed4184","hash":"460b8a10e8deb806ca9f86405d2af66c7669a0da"}
,"/Users/carsonnwright/Projects/gadgeteer/lib/router.js": {"path":"/Users/carsonnwright/Projects/gadgeteer/lib/router.js","statementMap":{"0":{"start":{"line":1,"column":15},"end":{"line":1,"column":37}},"1":{"start":{"line":2,"column":10},"end":{"line":2,"column":27}},"2":{"start":{"line":4,"column":0},"end":{"line":153,"column":1}},"3":{"start":{"line":6,"column":18},"end":{"line":6,"column":50}},"4":{"start":{"line":8,"column":34},"end":{"line":20,"column":9}},"5":{"start":{"line":9,"column":31},"end":{"line":9,"column":54}},"6":{"start":{"line":10,"column":12},"end":{"line":10,"column":39}},"7":{"start":{"line":12,"column":12},"end":{"line":19,"column":13}},"8":{"start":{"line":13,"column":16},"end":{"line":13,"column":36}},"9":{"start":{"line":15,"column":16},"end":{"line":18,"column":17}},"10":{"start":{"line":16,"column":20},"end":{"line":16,"column":62}},"11":{"start":{"line":17,"column":20},"end":{"line":17,"column":70}},"12":{"start":{"line":22,"column":19},"end":{"line":48,"column":9}},"13":{"start":{"line":25,"column":16},"end":{"line":28,"column":18}},"14":{"start":{"line":26,"column":20},"end":{"line":26,"column":105}},"15":{"start":{"line":26,"column":66},"end":{"line":26,"column":105}},"16":{"start":{"line":27,"column":20},"end":{"line":27,"column":70}},"17":{"start":{"line":31,"column":16},"end":{"line":34,"column":18}},"18":{"start":{"line":32,"column":20},"end":{"line":32,"column":105}},"19":{"start":{"line":32,"column":66},"end":{"line":32,"column":105}},"20":{"start":{"line":33,"column":20},"end":{"line":33,"column":70}},"21":{"start":{"line":37,"column":16},"end":{"line":40,"column":18}},"22":{"start":{"line":38,"column":20},"end":{"line":38,"column":105}},"23":{"start":{"line":38,"column":66},"end":{"line":38,"column":105}},"24":{"start":{"line":39,"column":20},"end":{"line":39,"column":70}},"25":{"start":{"line":43,"column":16},"end":{"line":46,"column":18}},"26":{"start":{"line":44,"column":20},"end":{"line":44,"column":105}},"27":{"start":{"line":44,"column":66},"end":{"line":44,"column":105}},"28":{"start":{"line":45,"column":20},"end":{"line":45,"column":70}},"29":{"start":{"line":50,"column":8},"end":{"line":77,"column":9}},"30":{"start":{"line":51,"column":12},"end":{"line":51,"column":52}},"31":{"start":{"line":51,"column":33},"end":{"line":51,"column":52}},"32":{"start":{"line":53,"column":24},"end":{"line":61,"column":13}},"33":{"start":{"line":54,"column":16},"end":{"line":54,"column":49}},"34":{"start":{"line":54,"column":37},"end":{"line":54,"column":49}},"35":{"start":{"line":56,"column":16},"end":{"line":56,"column":91}},"36":{"start":{"line":56,"column":52},"end":{"line":56,"column":91}},"37":{"start":{"line":58,"column":16},"end":{"line":60,"column":18}},"38":{"start":{"line":59,"column":20},"end":{"line":59,"column":70}},"39":{"start":{"line":63,"column":12},"end":{"line":76,"column":14}},"40":{"start":{"line":65,"column":20},"end":{"line":65,"column":40}},"41":{"start":{"line":68,"column":20},"end":{"line":68,"column":40}},"42":{"start":{"line":71,"column":20},"end":{"line":71,"column":41}},"43":{"start":{"line":74,"column":20},"end":{"line":74,"column":43}},"44":{"start":{"line":78,"column":8},"end":{"line":144,"column":9}},"45":{"start":{"line":79,"column":12},"end":{"line":79,"column":52}},"46":{"start":{"line":79,"column":33},"end":{"line":79,"column":52}},"47":{"start":{"line":81,"column":12},"end":{"line":84,"column":13}},"48":{"start":{"line":82,"column":16},"end":{"line":82,"column":28}},"49":{"start":{"line":83,"column":16},"end":{"line":83,"column":74}},"50":{"start":{"line":87,"column":12},"end":{"line":91,"column":13}},"51":{"start":{"line":88,"column":16},"end":{"line":90,"column":18}},"52":{"start":{"line":89,"column":20},"end":{"line":89,"column":70}},"53":{"start":{"line":93,"column":12},"end":{"line":97,"column":13}},"54":{"start":{"line":94,"column":16},"end":{"line":96,"column":18}},"55":{"start":{"line":95,"column":20},"end":{"line":95,"column":71}},"56":{"start":{"line":99,"column":12},"end":{"line":103,"column":13}},"57":{"start":{"line":100,"column":16},"end":{"line":102,"column":18}},"58":{"start":{"line":101,"column":20},"end":{"line":101,"column":72}},"59":{"start":{"line":105,"column":12},"end":{"line":109,"column":13}},"60":{"start":{"line":106,"column":16},"end":{"line":108,"column":18}},"61":{"start":{"line":107,"column":20},"end":{"line":107,"column":72}},"62":{"start":{"line":111,"column":12},"end":{"line":115,"column":13}},"63":{"start":{"line":112,"column":16},"end":{"line":114,"column":18}},"64":{"start":{"line":113,"column":20},"end":{"line":113,"column":73}},"65":{"start":{"line":118,"column":24},"end":{"line":126,"column":13}},"66":{"start":{"line":119,"column":16},"end":{"line":119,"column":49}},"67":{"start":{"line":119,"column":37},"end":{"line":119,"column":49}},"68":{"start":{"line":121,"column":16},"end":{"line":121,"column":91}},"69":{"start":{"line":121,"column":52},"end":{"line":121,"column":91}},"70":{"start":{"line":123,"column":16},"end":{"line":125,"column":18}},"71":{"start":{"line":124,"column":20},"end":{"line":124,"column":70}},"72":{"start":{"line":128,"column":12},"end":{"line":128,"column":52}},"73":{"start":{"line":128,"column":33},"end":{"line":128,"column":52}},"74":{"start":{"line":130,"column":12},"end":{"line":143,"column":14}},"75":{"start":{"line":132,"column":20},"end":{"line":132,"column":40}},"76":{"start":{"line":135,"column":20},"end":{"line":135,"column":40}},"77":{"start":{"line":138,"column":20},"end":{"line":138,"column":41}},"78":{"start":{"line":141,"column":20},"end":{"line":141,"column":43}},"79":{"start":{"line":145,"column":8},"end":{"line":147,"column":9}},"80":{"start":{"line":146,"column":12},"end":{"line":146,"column":18}},"81":{"start":{"line":148,"column":8},"end":{"line":150,"column":9}},"82":{"start":{"line":149,"column":12},"end":{"line":149,"column":30}},"83":{"start":{"line":151,"column":8},"end":{"line":151,"column":18}}},"fnMap":{"0":{"name":"(anonymous_0)","decl":{"start":{"line":5,"column":22},"end":{"line":5,"column":23}},"loc":{"start":{"line":5,"column":30},"end":{"line":152,"column":5}},"line":5},"1":{"name":"(anonymous_1)","decl":{"start":{"line":8,"column":34},"end":{"line":8,"column":35}},"loc":{"start":{"line":8,"column":68},"end":{"line":20,"column":9}},"line":8},"2":{"name":"(anonymous_2)","decl":{"start":{"line":24,"column":17},"end":{"line":24,"column":18}},"loc":{"start":{"line":24,"column":44},"end":{"line":29,"column":13}},"line":24},"3":{"name":"(anonymous_3)","decl":{"start":{"line":25,"column":27},"end":{"line":25,"column":28}},"loc":{"start":{"line":25,"column":38},"end":{"line":28,"column":17}},"line":25},"4":{"name":"(anonymous_4)","decl":{"start":{"line":30,"column":17},"end":{"line":30,"column":18}},"loc":{"start":{"line":30,"column":44},"end":{"line":35,"column":13}},"line":30},"5":{"name":"(anonymous_5)","decl":{"start":{"line":31,"column":27},"end":{"line":31,"column":28}},"loc":{"start":{"line":31,"column":38},"end":{"line":34,"column":17}},"line":31},"6":{"name":"(anonymous_6)","decl":{"start":{"line":36,"column":18},"end":{"line":36,"column":19}},"loc":{"start":{"line":36,"column":45},"end":{"line":41,"column":13}},"line":36},"7":{"name":"(anonymous_7)","decl":{"start":{"line":37,"column":28},"end":{"line":37,"column":29}},"loc":{"start":{"line":37,"column":39},"end":{"line":40,"column":17}},"line":37},"8":{"name":"(anonymous_8)","decl":{"start":{"line":42,"column":20},"end":{"line":42,"column":21}},"loc":{"start":{"line":42,"column":48},"end":{"line":47,"column":13}},"line":42},"9":{"name":"(anonymous_9)","decl":{"start":{"line":43,"column":30},"end":{"line":43,"column":31}},"loc":{"start":{"line":43,"column":41},"end":{"line":46,"column":17}},"line":43},"10":{"name":"(anonymous_10)","decl":{"start":{"line":50,"column":19},"end":{"line":50,"column":20}},"loc":{"start":{"line":50,"column":32},"end":{"line":77,"column":9}},"line":50},"11":{"name":"(anonymous_11)","decl":{"start":{"line":53,"column":24},"end":{"line":53,"column":25}},"loc":{"start":{"line":53,"column":60},"end":{"line":61,"column":13}},"line":53},"12":{"name":"(anonymous_12)","decl":{"start":{"line":58,"column":45},"end":{"line":58,"column":46}},"loc":{"start":{"line":58,"column":56},"end":{"line":60,"column":17}},"line":58},"13":{"name":"(anonymous_13)","decl":{"start":{"line":64,"column":21},"end":{"line":64,"column":22}},"loc":{"start":{"line":64,"column":33},"end":{"line":66,"column":17}},"line":64},"14":{"name":"(anonymous_14)","decl":{"start":{"line":67,"column":21},"end":{"line":67,"column":22}},"loc":{"start":{"line":67,"column":33},"end":{"line":69,"column":17}},"line":67},"15":{"name":"(anonymous_15)","decl":{"start":{"line":70,"column":22},"end":{"line":70,"column":23}},"loc":{"start":{"line":70,"column":34},"end":{"line":72,"column":17}},"line":70},"16":{"name":"(anonymous_16)","decl":{"start":{"line":73,"column":24},"end":{"line":73,"column":25}},"loc":{"start":{"line":73,"column":36},"end":{"line":75,"column":17}},"line":73},"17":{"name":"(anonymous_17)","decl":{"start":{"line":78,"column":22},"end":{"line":78,"column":23}},"loc":{"start":{"line":78,"column":116},"end":{"line":144,"column":9}},"line":78},"18":{"name":"(anonymous_18)","decl":{"start":{"line":78,"column":107},"end":{"line":78,"column":108}},"loc":{"start":{"line":78,"column":111},"end":{"line":78,"column":113}},"line":78},"19":{"name":"(anonymous_19)","decl":{"start":{"line":88,"column":38},"end":{"line":88,"column":39}},"loc":{"start":{"line":88,"column":49},"end":{"line":90,"column":17}},"line":88},"20":{"name":"(anonymous_20)","decl":{"start":{"line":94,"column":29},"end":{"line":94,"column":30}},"loc":{"start":{"line":94,"column":40},"end":{"line":96,"column":17}},"line":94},"21":{"name":"(anonymous_21)","decl":{"start":{"line":100,"column":30},"end":{"line":100,"column":31}},"loc":{"start":{"line":100,"column":41},"end":{"line":102,"column":17}},"line":100},"22":{"name":"(anonymous_22)","decl":{"start":{"line":106,"column":38},"end":{"line":106,"column":39}},"loc":{"start":{"line":106,"column":49},"end":{"line":108,"column":17}},"line":106},"23":{"name":"(anonymous_23)","decl":{"start":{"line":112,"column":41},"end":{"line":112,"column":42}},"loc":{"start":{"line":112,"column":52},"end":{"line":114,"column":17}},"line":112},"24":{"name":"(anonymous_24)","decl":{"start":{"line":118,"column":24},"end":{"line":118,"column":25}},"loc":{"start":{"line":118,"column":60},"end":{"line":126,"column":13}},"line":118},"25":{"name":"(anonymous_25)","decl":{"start":{"line":123,"column":45},"end":{"line":123,"column":46}},"loc":{"start":{"line":123,"column":56},"end":{"line":125,"column":17}},"line":123},"26":{"name":"(anonymous_26)","decl":{"start":{"line":131,"column":21},"end":{"line":131,"column":22}},"loc":{"start":{"line":131,"column":33},"end":{"line":133,"column":17}},"line":131},"27":{"name":"(anonymous_27)","decl":{"start":{"line":134,"column":21},"end":{"line":134,"column":22}},"loc":{"start":{"line":134,"column":33},"end":{"line":136,"column":17}},"line":134},"28":{"name":"(anonymous_28)","decl":{"start":{"line":137,"column":22},"end":{"line":137,"column":23}},"loc":{"start":{"line":137,"column":34},"end":{"line":139,"column":17}},"line":137},"29":{"name":"(anonymous_29)","decl":{"start":{"line":140,"column":24},"end":{"line":140,"column":25}},"loc":{"start":{"line":140,"column":36},"end":{"line":142,"column":17}},"line":140},"30":{"name":"(anonymous_30)","decl":{"start":{"line":145,"column":20},"end":{"line":145,"column":21}},"loc":{"start":{"line":145,"column":32},"end":{"line":147,"column":9}},"line":145},"31":{"name":"(anonymous_31)","decl":{"start":{"line":148,"column":20},"end":{"line":148,"column":21}},"loc":{"start":{"line":148,"column":32},"end":{"line":150,"column":9}},"line":148}},"branchMap":{"0":{"loc":{"start":{"line":6,"column":25},"end":{"line":6,"column":49}},"type":"binary-expr","locations":[{"start":{"line":6,"column":25},"end":{"line":6,"column":43}},{"start":{"line":6,"column":47},"end":{"line":6,"column":49}}],"line":6},"1":{"loc":{"start":{"line":12,"column":12},"end":{"line":19,"column":13}},"type":"if","locations":[{"start":{"line":12,"column":12},"end":{"line":19,"column":13}},{"start":{"line":12,"column":12},"end":{"line":19,"column":13}}],"line":12},"2":{"loc":{"start":{"line":15,"column":16},"end":{"line":18,"column":17}},"type":"if","locations":[{"start":{"line":15,"column":16},"end":{"line":18,"column":17}},{"start":{"line":15,"column":16},"end":{"line":18,"column":17}}],"line":15},"3":{"loc":{"start":{"line":26,"column":20},"end":{"line":26,"column":105}},"type":"if","locations":[{"start":{"line":26,"column":20},"end":{"line":26,"column":105}},{"start":{"line":26,"column":20},"end":{"line":26,"column":105}}],"line":26},"4":{"loc":{"start":{"line":26,"column":23},"end":{"line":26,"column":64}},"type":"binary-expr","locations":[{"start":{"line":26,"column":23},"end":{"line":26,"column":30}},{"start":{"line":26,"column":34},"end":{"line":26,"column":64}}],"line":26},"5":{"loc":{"start":{"line":32,"column":20},"end":{"line":32,"column":105}},"type":"if","locations":[{"start":{"line":32,"column":20},"end":{"line":32,"column":105}},{"start":{"line":32,"column":20},"end":{"line":32,"column":105}}],"line":32},"6":{"loc":{"start":{"line":32,"column":23},"end":{"line":32,"column":64}},"type":"binary-expr","locations":[{"start":{"line":32,"column":23},"end":{"line":32,"column":30}},{"start":{"line":32,"column":34},"end":{"line":32,"column":64}}],"line":32},"7":{"loc":{"start":{"line":38,"column":20},"end":{"line":38,"column":105}},"type":"if","locations":[{"start":{"line":38,"column":20},"end":{"line":38,"column":105}},{"start":{"line":38,"column":20},"end":{"line":38,"column":105}}],"line":38},"8":{"loc":{"start":{"line":38,"column":23},"end":{"line":38,"column":64}},"type":"binary-expr","locations":[{"start":{"line":38,"column":23},"end":{"line":38,"column":30}},{"start":{"line":38,"column":34},"end":{"line":38,"column":64}}],"line":38},"9":{"loc":{"start":{"line":44,"column":20},"end":{"line":44,"column":105}},"type":"if","locations":[{"start":{"line":44,"column":20},"end":{"line":44,"column":105}},{"start":{"line":44,"column":20},"end":{"line":44,"column":105}}],"line":44},"10":{"loc":{"start":{"line":44,"column":23},"end":{"line":44,"column":64}},"type":"binary-expr","locations":[{"start":{"line":44,"column":23},"end":{"line":44,"column":30}},{"start":{"line":44,"column":34},"end":{"line":44,"column":64}}],"line":44},"11":{"loc":{"start":{"line":51,"column":12},"end":{"line":51,"column":52}},"type":"if","locations":[{"start":{"line":51,"column":12},"end":{"line":51,"column":52}},{"start":{"line":51,"column":12},"end":{"line":51,"column":52}}],"line":51},"12":{"loc":{"start":{"line":54,"column":16},"end":{"line":54,"column":49}},"type":"if","locations":[{"start":{"line":54,"column":16},"end":{"line":54,"column":49}},{"start":{"line":54,"column":16},"end":{"line":54,"column":49}}],"line":54},"13":{"loc":{"start":{"line":56,"column":16},"end":{"line":56,"column":91}},"type":"if","locations":[{"start":{"line":56,"column":16},"end":{"line":56,"column":91}},{"start":{"line":56,"column":16},"end":{"line":56,"column":91}}],"line":56},"14":{"loc":{"start":{"line":56,"column":19},"end":{"line":56,"column":50}},"type":"binary-expr","locations":[{"start":{"line":56,"column":19},"end":{"line":56,"column":26}},{"start":{"line":56,"column":30},"end":{"line":56,"column":50}}],"line":56},"15":{"loc":{"start":{"line":78,"column":42},"end":{"line":78,"column":100}},"type":"default-arg","locations":[{"start":{"line":78,"column":52},"end":{"line":78,"column":100}}],"line":78},"16":{"loc":{"start":{"line":78,"column":102},"end":{"line":78,"column":113}},"type":"default-arg","locations":[{"start":{"line":78,"column":107},"end":{"line":78,"column":113}}],"line":78},"17":{"loc":{"start":{"line":79,"column":12},"end":{"line":79,"column":52}},"type":"if","locations":[{"start":{"line":79,"column":12},"end":{"line":79,"column":52}},{"start":{"line":79,"column":12},"end":{"line":79,"column":52}}],"line":79},"18":{"loc":{"start":{"line":81,"column":12},"end":{"line":84,"column":13}},"type":"if","locations":[{"start":{"line":81,"column":12},"end":{"line":84,"column":13}},{"start":{"line":81,"column":12},"end":{"line":84,"column":13}}],"line":81},"19":{"loc":{"start":{"line":87,"column":12},"end":{"line":91,"column":13}},"type":"if","locations":[{"start":{"line":87,"column":12},"end":{"line":91,"column":13}},{"start":{"line":87,"column":12},"end":{"line":91,"column":13}}],"line":87},"20":{"loc":{"start":{"line":93,"column":12},"end":{"line":97,"column":13}},"type":"if","locations":[{"start":{"line":93,"column":12},"end":{"line":97,"column":13}},{"start":{"line":93,"column":12},"end":{"line":97,"column":13}}],"line":93},"21":{"loc":{"start":{"line":99,"column":12},"end":{"line":103,"column":13}},"type":"if","locations":[{"start":{"line":99,"column":12},"end":{"line":103,"column":13}},{"start":{"line":99,"column":12},"end":{"line":103,"column":13}}],"line":99},"22":{"loc":{"start":{"line":105,"column":12},"end":{"line":109,"column":13}},"type":"if","locations":[{"start":{"line":105,"column":12},"end":{"line":109,"column":13}},{"start":{"line":105,"column":12},"end":{"line":109,"column":13}}],"line":105},"23":{"loc":{"start":{"line":111,"column":12},"end":{"line":115,"column":13}},"type":"if","locations":[{"start":{"line":111,"column":12},"end":{"line":115,"column":13}},{"start":{"line":111,"column":12},"end":{"line":115,"column":13}}],"line":111},"24":{"loc":{"start":{"line":119,"column":16},"end":{"line":119,"column":49}},"type":"if","locations":[{"start":{"line":119,"column":16},"end":{"line":119,"column":49}},{"start":{"line":119,"column":16},"end":{"line":119,"column":49}}],"line":119},"25":{"loc":{"start":{"line":121,"column":16},"end":{"line":121,"column":91}},"type":"if","locations":[{"start":{"line":121,"column":16},"end":{"line":121,"column":91}},{"start":{"line":121,"column":16},"end":{"line":121,"column":91}}],"line":121},"26":{"loc":{"start":{"line":121,"column":19},"end":{"line":121,"column":50}},"type":"binary-expr","locations":[{"start":{"line":121,"column":19},"end":{"line":121,"column":26}},{"start":{"line":121,"column":30},"end":{"line":121,"column":50}}],"line":121},"27":{"loc":{"start":{"line":128,"column":12},"end":{"line":128,"column":52}},"type":"if","locations":[{"start":{"line":128,"column":12},"end":{"line":128,"column":52}},{"start":{"line":128,"column":12},"end":{"line":128,"column":52}}],"line":128}},"s":{"0":10,"1":10,"2":10,"3":51,"4":51,"5":1,"6":1,"7":1,"8":1,"9":0,"10":0,"11":0,"12":51,"13":0,"14":0,"15":0,"16":0,"17":0,"18":0,"19":0,"20":0,"21":0,"22":0,"23":0,"24":0,"25":0,"26":0,"27":0,"28":0,"29":51,"30":0,"31":0,"32":0,"33":0,"34":0,"35":0,"36":0,"37":0,"38":0,"39":0,"40":0,"41":0,"42":0,"43":0,"44":51,"45":1,"46":0,"47":1,"48":0,"49":0,"50":1,"51":0,"52":0,"53":1,"54":1,"55":1,"56":1,"57":0,"58":0,"59":1,"60":0,"61":0,"62":1,"63":0,"64":0,"65":1,"66":0,"67":0,"68":0,"69":0,"70":0,"71":0,"72":1,"73":0,"74":1,"75":0,"76":0,"77":0,"78":0,"79":51,"80":1,"81":51,"82":1,"83":51},"f":{"0":51,"1":1,"2":0,"3":0,"4":0,"5":0,"6":0,"7":0,"8":0,"9":0,"10":0,"11":0,"12":0,"13":0,"14":0,"15":0,"16":0,"17":1,"18":1,"19":0,"20":1,"21":0,"22":0,"23":0,"24":0,"25":0,"26":0,"27":0,"28":0,"29":0,"30":1,"31":1},"b":{"0":[51,51],"1":[1,0],"2":[0,0],"3":[0,0],"4":[0,0],"5":[0,0],"6":[0,0],"7":[0,0],"8":[0,0],"9":[0,0],"10":[0,0],"11":[0,0],"12":[0,0],"13":[0,0],"14":[0,0],"15":[0],"16":[1],"17":[0,1],"18":[0,1],"19":[0,1],"20":[1,0],"21":[0,1],"22":[0,1],"23":[0,1],"24":[0,0],"25":[0,0],"26":[0,0],"27":[0,1]},"_coverageSchema":"43e27e138ebf9cfc5966b082cf9a028302ed4184","hash":"deae881bcb7def392d3dce14061150dbf0589d4e"}
,"/Users/carsonnwright/Projects/gadgeteer/lib/store.js": {"path":"/Users/carsonnwright/Projects/gadgeteer/lib/store.js","statementMap":{"0":{"start":{"line":1,"column":0},"end":{"line":26,"column":1}},"1":{"start":{"line":3,"column":8},"end":{"line":24,"column":9}},"2":{"start":{"line":5,"column":16},"end":{"line":5,"column":42}},"3":{"start":{"line":8,"column":16},"end":{"line":8,"column":81}},"4":{"start":{"line":8,"column":36},"end":{"line":8,"column":81}},"5":{"start":{"line":10,"column":16},"end":{"line":10,"column":66}},"6":{"start":{"line":13,"column":16},"end":{"line":13,"column":81}},"7":{"start":{"line":13,"column":36},"end":{"line":13,"column":81}},"8":{"start":{"line":15,"column":16},"end":{"line":15,"column":59}},"9":{"start":{"line":19,"column":16},"end":{"line":19,"column":66}},"10":{"start":{"line":22,"column":16},"end":{"line":22,"column":51}}},"fnMap":{"0":{"name":"(anonymous_0)","decl":{"start":{"line":2,"column":21},"end":{"line":2,"column":22}},"loc":{"start":{"line":2,"column":29},"end":{"line":25,"column":5}},"line":2},"1":{"name":"(anonymous_1)","decl":{"start":{"line":4,"column":12},"end":{"line":4,"column":13}},"loc":{"start":{"line":4,"column":34},"end":{"line":6,"column":13}},"line":4},"2":{"name":"(anonymous_2)","decl":{"start":{"line":7,"column":12},"end":{"line":7,"column":13}},"loc":{"start":{"line":7,"column":22},"end":{"line":11,"column":13}},"line":7},"3":{"name":"(anonymous_3)","decl":{"start":{"line":12,"column":12},"end":{"line":12,"column":13}},"loc":{"start":{"line":12,"column":17},"end":{"line":17,"column":13}},"line":12},"4":{"name":"(anonymous_4)","decl":{"start":{"line":18,"column":12},"end":{"line":18,"column":13}},"loc":{"start":{"line":18,"column":40},"end":{"line":20,"column":13}},"line":18},"5":{"name":"(anonymous_5)","decl":{"start":{"line":21,"column":12},"end":{"line":21,"column":13}},"loc":{"start":{"line":21,"column":27},"end":{"line":23,"column":13}},"line":21}},"branchMap":{"0":{"loc":{"start":{"line":8,"column":16},"end":{"line":8,"column":81}},"type":"if","locations":[{"start":{"line":8,"column":16},"end":{"line":8,"column":81}},{"start":{"line":8,"column":16},"end":{"line":8,"column":81}}],"line":8},"1":{"loc":{"start":{"line":13,"column":16},"end":{"line":13,"column":81}},"type":"if","locations":[{"start":{"line":13,"column":16},"end":{"line":13,"column":81}},{"start":{"line":13,"column":16},"end":{"line":13,"column":81}}],"line":13}},"s":{"0":10,"1":51,"2":2,"3":2,"4":1,"5":1,"6":2,"7":1,"8":1,"9":2,"10":2},"f":{"0":51,"1":2,"2":2,"3":2,"4":2,"5":2},"b":{"0":[1,1],"1":[1,1]},"_coverageSchema":"43e27e138ebf9cfc5966b082cf9a028302ed4184","hash":"c07e3439ed483f1593ad0256b42b83291e6a9dfb"}
,"/Users/carsonnwright/Projects/gadgeteer/lib/controller/example.js": {"path":"/Users/carsonnwright/Projects/gadgeteer/lib/controller/example.js","statementMap":{"0":{"start":{"line":1,"column":27},"end":{"line":1,"column":48}},"1":{"start":{"line":2,"column":21},"end":{"line":2,"column":42}},"2":{"start":{"line":3,"column":15},"end":{"line":3,"column":36}},"3":{"start":{"line":5,"column":19},"end":{"line":5,"column":44}},"4":{"start":{"line":9,"column":8},"end":{"line":9,"column":35}},"5":{"start":{"line":12,"column":8},"end":{"line":14,"column":11}},"6":{"start":{"line":18,"column":8},"end":{"line":20,"column":11}},"7":{"start":{"line":24,"column":8},"end":{"line":26,"column":11}},"8":{"start":{"line":30,"column":32},"end":{"line":30,"column":83}},"9":{"start":{"line":31,"column":8},"end":{"line":33,"column":11}},"10":{"start":{"line":37,"column":32},"end":{"line":37,"column":83}},"11":{"start":{"line":38,"column":8},"end":{"line":45,"column":9}},"12":{"start":{"line":39,"column":12},"end":{"line":39,"column":43}},"13":{"start":{"line":41,"column":12},"end":{"line":44,"column":14}},"14":{"start":{"line":47,"column":8},"end":{"line":50,"column":10}},"15":{"start":{"line":54,"column":0},"end":{"line":54,"column":28}}},"fnMap":{"0":{"name":"(anonymous_0)","decl":{"start":{"line":8,"column":4},"end":{"line":8,"column":5}},"loc":{"start":{"line":8,"column":18},"end":{"line":10,"column":5}},"line":8},"1":{"name":"(anonymous_1)","decl":{"start":{"line":11,"column":4},"end":{"line":11,"column":5}},"loc":{"start":{"line":11,"column":17},"end":{"line":15,"column":5}},"line":11},"2":{"name":"(anonymous_2)","decl":{"start":{"line":17,"column":4},"end":{"line":17,"column":5}},"loc":{"start":{"line":17,"column":16},"end":{"line":21,"column":5}},"line":17},"3":{"name":"(anonymous_3)","decl":{"start":{"line":23,"column":4},"end":{"line":23,"column":5}},"loc":{"start":{"line":23,"column":18},"end":{"line":27,"column":5}},"line":23},"4":{"name":"(anonymous_4)","decl":{"start":{"line":29,"column":4},"end":{"line":29,"column":5}},"loc":{"start":{"line":29,"column":18},"end":{"line":34,"column":5}},"line":29},"5":{"name":"(anonymous_5)","decl":{"start":{"line":36,"column":4},"end":{"line":36,"column":5}},"loc":{"start":{"line":36,"column":19},"end":{"line":51,"column":5}},"line":36}},"branchMap":{},"s":{"0":0,"1":0,"2":0,"3":0,"4":0,"5":0,"6":0,"7":0,"8":0,"9":0,"10":0,"11":0,"12":0,"13":0,"14":0,"15":0},"f":{"0":0,"1":0,"2":0,"3":0,"4":0,"5":0},"b":{},"hash":"ebe11fdb7c1b8b7e5bbdda45e481eadb0e2c0a60"}
,"/Users/carsonnwright/Projects/gadgeteer/lib/controller/generate.js": {"path":"/Users/carsonnwright/Projects/gadgeteer/lib/controller/generate.js","statementMap":{"0":{"start":{"line":1,"column":11},"end":{"line":1,"column":24}},"1":{"start":{"line":2,"column":13},"end":{"line":2,"column":28}},"2":{"start":{"line":3,"column":10},"end":{"line":3,"column":27}},"3":{"start":{"line":4,"column":0},"end":{"line":4,"column":38}},"4":{"start":{"line":6,"column":0},"end":{"line":44,"column":1}},"5":{"start":{"line":7,"column":27},"end":{"line":7,"column":34}},"6":{"start":{"line":9,"column":20},"end":{"line":9,"column":80}},"7":{"start":{"line":10,"column":15},"end":{"line":10,"column":52}},"8":{"start":{"line":11,"column":23},"end":{"line":11,"column":68}},"9":{"start":{"line":12,"column":4},"end":{"line":14,"column":6}},"10":{"start":{"line":16,"column":4},"end":{"line":20,"column":5}},"11":{"start":{"line":17,"column":8},"end":{"line":17,"column":30}},"12":{"start":{"line":19,"column":8},"end":{"line":19,"column":20}},"13":{"start":{"line":21,"column":4},"end":{"line":21,"column":25}},"14":{"start":{"line":23,"column":4},"end":{"line":26,"column":5}},"15":{"start":{"line":24,"column":8},"end":{"line":24,"column":66}},"16":{"start":{"line":25,"column":8},"end":{"line":25,"column":110}},"17":{"start":{"line":28,"column":4},"end":{"line":32,"column":6}},"18":{"start":{"line":35,"column":19},"end":{"line":35,"column":83}},"19":{"start":{"line":37,"column":4},"end":{"line":42,"column":5}},"20":{"start":{"line":38,"column":8},"end":{"line":38,"column":41}},"21":{"start":{"line":39,"column":8},"end":{"line":39,"column":55}},"22":{"start":{"line":41,"column":8},"end":{"line":41,"column":82}}},"fnMap":{"0":{"name":"(anonymous_0)","decl":{"start":{"line":6,"column":17},"end":{"line":6,"column":18}},"loc":{"start":{"line":6,"column":34},"end":{"line":44,"column":1}},"line":6}},"branchMap":{"0":{"loc":{"start":{"line":16,"column":4},"end":{"line":20,"column":5}},"type":"if","locations":[{"start":{"line":16,"column":4},"end":{"line":20,"column":5}},{"start":{"line":16,"column":4},"end":{"line":20,"column":5}}],"line":16},"1":{"loc":{"start":{"line":21,"column":13},"end":{"line":21,"column":25}},"type":"binary-expr","locations":[{"start":{"line":21,"column":13},"end":{"line":21,"column":19}},{"start":{"line":21,"column":23},"end":{"line":21,"column":25}}],"line":21},"2":{"loc":{"start":{"line":23,"column":4},"end":{"line":26,"column":5}},"type":"if","locations":[{"start":{"line":23,"column":4},"end":{"line":26,"column":5}},{"start":{"line":23,"column":4},"end":{"line":26,"column":5}}],"line":23},"3":{"loc":{"start":{"line":37,"column":4},"end":{"line":42,"column":5}},"type":"if","locations":[{"start":{"line":37,"column":4},"end":{"line":42,"column":5}},{"start":{"line":37,"column":4},"end":{"line":42,"column":5}}],"line":37}},"s":{"0":0,"1":0,"2":0,"3":0,"4":0,"5":0,"6":0,"7":0,"8":0,"9":0,"10":0,"11":0,"12":0,"13":0,"14":0,"15":0,"16":0,"17":0,"18":0,"19":0,"20":0,"21":0,"22":0},"f":{"0":0},"b":{"0":[0,0],"1":[0,0],"2":[0,0],"3":[0,0]},"hash":"481f0d1a232285feed349fb03c5e4117f87b137b"}
,"/Users/carsonnwright/Projects/gadgeteer/lib/controller/index.js": {"path":"/Users/carsonnwright/Projects/gadgeteer/lib/controller/index.js","statementMap":{"0":{"start":{"line":1,"column":13},"end":{"line":1,"column":27}},"1":{"start":{"line":2,"column":19},"end":{"line":2,"column":41}},"2":{"start":{"line":4,"column":25},"end":{"line":9,"column":1}},"3":{"start":{"line":5,"column":14},"end":{"line":5,"column":27}},"4":{"start":{"line":6,"column":4},"end":{"line":6,"column":37}},"5":{"start":{"line":8,"column":4},"end":{"line":8,"column":83}},"6":{"start":{"line":11,"column":0},"end":{"line":96,"column":1}},"7":{"start":{"line":15,"column":51},"end":{"line":15,"column":56}},"8":{"start":{"line":17,"column":16},"end":{"line":17,"column":31}},"9":{"start":{"line":18,"column":16},"end":{"line":18,"column":31}},"10":{"start":{"line":19,"column":16},"end":{"line":19,"column":43}},"11":{"start":{"line":20,"column":16},"end":{"line":20,"column":37}},"12":{"start":{"line":21,"column":16},"end":{"line":21,"column":47}},"13":{"start":{"line":22,"column":16},"end":{"line":22,"column":52}},"14":{"start":{"line":23,"column":16},"end":{"line":27,"column":17}},"15":{"start":{"line":30,"column":16},"end":{"line":30,"column":27}},"16":{"start":{"line":33,"column":16},"end":{"line":35,"column":17}},"17":{"start":{"line":34,"column":20},"end":{"line":34,"column":39}},"18":{"start":{"line":37,"column":16},"end":{"line":37,"column":72}},"19":{"start":{"line":37,"column":35},"end":{"line":37,"column":72}},"20":{"start":{"line":39,"column":16},"end":{"line":42,"column":17}},"21":{"start":{"line":40,"column":20},"end":{"line":40,"column":60}},"22":{"start":{"line":41,"column":20},"end":{"line":41,"column":75}},"23":{"start":{"line":44,"column":16},"end":{"line":46,"column":17}},"24":{"start":{"line":45,"column":20},"end":{"line":45,"column":76}},"25":{"start":{"line":48,"column":16},"end":{"line":52,"column":17}},"26":{"start":{"line":49,"column":20},"end":{"line":49,"column":33}},"27":{"start":{"line":50,"column":23},"end":{"line":52,"column":17}},"28":{"start":{"line":51,"column":20},"end":{"line":51,"column":44}},"29":{"start":{"line":54,"column":16},"end":{"line":56,"column":17}},"30":{"start":{"line":55,"column":20},"end":{"line":55,"column":62}},"31":{"start":{"line":58,"column":30},"end":{"line":58,"column":49}},"32":{"start":{"line":61,"column":16},"end":{"line":61,"column":82}},"33":{"start":{"line":62,"column":16},"end":{"line":62,"column":66}},"34":{"start":{"line":64,"column":16},"end":{"line":70,"column":17}},"35":{"start":{"line":65,"column":20},"end":{"line":65,"column":41}},"36":{"start":{"line":66,"column":20},"end":{"line":66,"column":41}},"37":{"start":{"line":68,"column":20},"end":{"line":68,"column":41}},"38":{"start":{"line":69,"column":20},"end":{"line":69,"column":49}},"39":{"start":{"line":74,"column":16},"end":{"line":74,"column":90}},"40":{"start":{"line":78,"column":16},"end":{"line":78,"column":89}},"41":{"start":{"line":82,"column":16},"end":{"line":82,"column":91}},"42":{"start":{"line":86,"column":16},"end":{"line":86,"column":91}},"43":{"start":{"line":90,"column":16},"end":{"line":90,"column":92}},"44":{"start":{"line":94,"column":8},"end":{"line":94,"column":25}}},"fnMap":{"0":{"name":"(anonymous_0)","decl":{"start":{"line":4,"column":25},"end":{"line":4,"column":26}},"loc":{"start":{"line":4,"column":40},"end":{"line":9,"column":1}},"line":4},"1":{"name":"(anonymous_1)","decl":{"start":{"line":12,"column":26},"end":{"line":12,"column":27}},"loc":{"start":{"line":12,"column":30},"end":{"line":95,"column":5}},"line":12},"2":{"name":"(anonymous_2)","decl":{"start":{"line":14,"column":12},"end":{"line":14,"column":13}},"loc":{"start":{"line":14,"column":33},"end":{"line":28,"column":13}},"line":14},"3":{"name":"(anonymous_3)","decl":{"start":{"line":29,"column":12},"end":{"line":29,"column":13}},"loc":{"start":{"line":29,"column":20},"end":{"line":31,"column":13}},"line":29},"4":{"name":"(anonymous_4)","decl":{"start":{"line":32,"column":12},"end":{"line":32,"column":13}},"loc":{"start":{"line":32,"column":42},"end":{"line":71,"column":13}},"line":32},"5":{"name":"(anonymous_5)","decl":{"start":{"line":73,"column":12},"end":{"line":73,"column":13}},"loc":{"start":{"line":73,"column":19},"end":{"line":75,"column":13}},"line":73},"6":{"name":"(anonymous_6)","decl":{"start":{"line":77,"column":12},"end":{"line":77,"column":13}},"loc":{"start":{"line":77,"column":18},"end":{"line":79,"column":13}},"line":77},"7":{"name":"(anonymous_7)","decl":{"start":{"line":81,"column":12},"end":{"line":81,"column":13}},"loc":{"start":{"line":81,"column":20},"end":{"line":83,"column":13}},"line":81},"8":{"name":"(anonymous_8)","decl":{"start":{"line":85,"column":12},"end":{"line":85,"column":13}},"loc":{"start":{"line":85,"column":20},"end":{"line":87,"column":13}},"line":85},"9":{"name":"(anonymous_9)","decl":{"start":{"line":89,"column":12},"end":{"line":89,"column":13}},"loc":{"start":{"line":89,"column":21},"end":{"line":91,"column":13}},"line":89}},"branchMap":{"0":{"loc":{"start":{"line":6,"column":22},"end":{"line":6,"column":32}},"type":"binary-expr","locations":[{"start":{"line":6,"column":22},"end":{"line":6,"column":26}},{"start":{"line":6,"column":30},"end":{"line":6,"column":32}}],"line":6},"1":{"loc":{"start":{"line":19,"column":30},"end":{"line":19,"column":42}},"type":"binary-expr","locations":[{"start":{"line":19,"column":30},"end":{"line":19,"column":36}},{"start":{"line":19,"column":40},"end":{"line":19,"column":42}}],"line":19},"2":{"loc":{"start":{"line":25,"column":24},"end":{"line":25,"column":38}},"type":"binary-expr","locations":[{"start":{"line":25,"column":24},"end":{"line":25,"column":32}},{"start":{"line":25,"column":36},"end":{"line":25,"column":38}}],"line":25},"3":{"loc":{"start":{"line":32,"column":29},"end":{"line":32,"column":41}},"type":"default-arg","locations":[{"start":{"line":32,"column":39},"end":{"line":32,"column":41}}],"line":32},"4":{"loc":{"start":{"line":33,"column":16},"end":{"line":35,"column":17}},"type":"if","locations":[{"start":{"line":33,"column":16},"end":{"line":35,"column":17}},{"start":{"line":33,"column":16},"end":{"line":35,"column":17}}],"line":33},"5":{"loc":{"start":{"line":37,"column":16},"end":{"line":37,"column":72}},"type":"if","locations":[{"start":{"line":37,"column":16},"end":{"line":37,"column":72}},{"start":{"line":37,"column":16},"end":{"line":37,"column":72}}],"line":37},"6":{"loc":{"start":{"line":39,"column":16},"end":{"line":42,"column":17}},"type":"if","locations":[{"start":{"line":39,"column":16},"end":{"line":42,"column":17}},{"start":{"line":39,"column":16},"end":{"line":42,"column":17}}],"line":39},"7":{"loc":{"start":{"line":44,"column":16},"end":{"line":46,"column":17}},"type":"if","locations":[{"start":{"line":44,"column":16},"end":{"line":46,"column":17}},{"start":{"line":44,"column":16},"end":{"line":46,"column":17}}],"line":44},"8":{"loc":{"start":{"line":48,"column":16},"end":{"line":52,"column":17}},"type":"if","locations":[{"start":{"line":48,"column":16},"end":{"line":52,"column":17}},{"start":{"line":48,"column":16},"end":{"line":52,"column":17}}],"line":48},"9":{"loc":{"start":{"line":50,"column":23},"end":{"line":52,"column":17}},"type":"if","locations":[{"start":{"line":50,"column":23},"end":{"line":52,"column":17}},{"start":{"line":50,"column":23},"end":{"line":52,"column":17}}],"line":50},"10":{"loc":{"start":{"line":54,"column":16},"end":{"line":56,"column":17}},"type":"if","locations":[{"start":{"line":54,"column":16},"end":{"line":56,"column":17}},{"start":{"line":54,"column":16},"end":{"line":56,"column":17}}],"line":54},"11":{"loc":{"start":{"line":54,"column":19},"end":{"line":54,"column":67}},"type":"binary-expr","locations":[{"start":{"line":54,"column":19},"end":{"line":54,"column":35}},{"start":{"line":54,"column":39},"end":{"line":54,"column":67}}],"line":54},"12":{"loc":{"start":{"line":64,"column":16},"end":{"line":70,"column":17}},"type":"if","locations":[{"start":{"line":64,"column":16},"end":{"line":70,"column":17}},{"start":{"line":64,"column":16},"end":{"line":70,"column":17}}],"line":64}},"s":{"0":0,"1":0,"2":0,"3":0,"4":0,"5":0,"6":0,"7":0,"8":0,"9":0,"10":0,"11":0,"12":0,"13":0,"14":0,"15":0,"16":0,"17":0,"18":0,"19":0,"20":0,"21":0,"22":0,"23":0,"24":0,"25":0,"26":0,"27":0,"28":0,"29":0,"30":0,"31":0,"32":0,"33":0,"34":0,"35":0,"36":0,"37":0,"38":0,"39":0,"40":0,"41":0,"42":0,"43":0,"44":0},"f":{"0":0,"1":0,"2":0,"3":0,"4":0,"5":0,"6":0,"7":0,"8":0,"9":0},"b":{"0":[0,0],"1":[0,0],"2":[0,0],"3":[0],"4":[0,0],"5":[0,0],"6":[0,0],"7":[0,0],"8":[0,0],"9":[0,0],"10":[0,0],"11":[0,0],"12":[0,0]},"hash":"cf741179e01fa7f272f9bd5af23b029ee102dfbb"}
,"/Users/carsonnwright/Projects/gadgeteer/lib/db/index.js": {"path":"/Users/carsonnwright/Projects/gadgeteer/lib/db/index.js","statementMap":{"0":{"start":{"line":1,"column":13},"end":{"line":1,"column":28}},"1":{"start":{"line":2,"column":0},"end":{"line":10,"column":1}},"2":{"start":{"line":4,"column":21},"end":{"line":7,"column":10}},"3":{"start":{"line":8,"column":8},"end":{"line":8,"column":20}}},"fnMap":{"0":{"name":"(anonymous_0)","decl":{"start":{"line":3,"column":4},"end":{"line":3,"column":5}},"loc":{"start":{"line":3,"column":22},"end":{"line":9,"column":5}},"line":3}},"branchMap":{},"s":{"0":10,"1":10,"2":51,"3":51},"f":{"0":51},"b":{},"_coverageSchema":"43e27e138ebf9cfc5966b082cf9a028302ed4184","hash":"d01f3b73886cf8946bb21dabcf57af75ac87d15b"}
,"/Users/carsonnwright/Projects/gadgeteer/lib/logger/broker.js": {"path":"/Users/carsonnwright/Projects/gadgeteer/lib/logger/broker.js","statementMap":{"0":{"start":{"line":2,"column":10},"end":{"line":2,"column":27}},"1":{"start":{"line":4,"column":0},"end":{"line":57,"column":1}},"2":{"start":{"line":6,"column":21},"end":{"line":6,"column":62}},"3":{"start":{"line":9,"column":16},"end":{"line":9,"column":28}},"4":{"start":{"line":12,"column":16},"end":{"line":12,"column":37}},"5":{"start":{"line":15,"column":16},"end":{"line":17,"column":17}},"6":{"start":{"line":16,"column":20},"end":{"line":16,"column":42}},"7":{"start":{"line":20,"column":16},"end":{"line":22,"column":17}},"8":{"start":{"line":21,"column":20},"end":{"line":21,"column":42}},"9":{"start":{"line":26,"column":16},"end":{"line":28,"column":17}},"10":{"start":{"line":27,"column":20},"end":{"line":27,"column":41}},"11":{"start":{"line":32,"column":16},"end":{"line":34,"column":17}},"12":{"start":{"line":33,"column":20},"end":{"line":33,"column":41}},"13":{"start":{"line":38,"column":16},"end":{"line":40,"column":17}},"14":{"start":{"line":39,"column":20},"end":{"line":39,"column":42}},"15":{"start":{"line":44,"column":16},"end":{"line":46,"column":17}},"16":{"start":{"line":45,"column":20},"end":{"line":45,"column":42}},"17":{"start":{"line":51,"column":16},"end":{"line":51,"column":34}},"18":{"start":{"line":55,"column":8},"end":{"line":55,"column":21}}},"fnMap":{"0":{"name":"(anonymous_0)","decl":{"start":{"line":5,"column":21},"end":{"line":5,"column":22}},"loc":{"start":{"line":5,"column":29},"end":{"line":56,"column":5}},"line":5},"1":{"name":"(anonymous_1)","decl":{"start":{"line":8,"column":12},"end":{"line":8,"column":13}},"loc":{"start":{"line":8,"column":30},"end":{"line":10,"column":13}},"line":8},"2":{"name":"(anonymous_2)","decl":{"start":{"line":11,"column":12},"end":{"line":11,"column":13}},"loc":{"start":{"line":11,"column":36},"end":{"line":13,"column":13}},"line":11},"3":{"name":"(anonymous_3)","decl":{"start":{"line":14,"column":12},"end":{"line":14,"column":13}},"loc":{"start":{"line":14,"column":33},"end":{"line":18,"column":13}},"line":14},"4":{"name":"(anonymous_4)","decl":{"start":{"line":19,"column":12},"end":{"line":19,"column":13}},"loc":{"start":{"line":19,"column":33},"end":{"line":23,"column":13}},"line":19},"5":{"name":"(anonymous_5)","decl":{"start":{"line":25,"column":12},"end":{"line":25,"column":13}},"loc":{"start":{"line":25,"column":32},"end":{"line":29,"column":13}},"line":25},"6":{"name":"(anonymous_6)","decl":{"start":{"line":31,"column":12},"end":{"line":31,"column":13}},"loc":{"start":{"line":31,"column":32},"end":{"line":35,"column":13}},"line":31},"7":{"name":"(anonymous_7)","decl":{"start":{"line":37,"column":12},"end":{"line":37,"column":13}},"loc":{"start":{"line":37,"column":33},"end":{"line":41,"column":13}},"line":37},"8":{"name":"(anonymous_8)","decl":{"start":{"line":43,"column":12},"end":{"line":43,"column":13}},"loc":{"start":{"line":43,"column":33},"end":{"line":47,"column":13}},"line":43},"9":{"name":"(anonymous_9)","decl":{"start":{"line":50,"column":12},"end":{"line":50,"column":13}},"loc":{"start":{"line":50,"column":31},"end":{"line":52,"column":13}},"line":50}},"branchMap":{"0":{"loc":{"start":{"line":6,"column":21},"end":{"line":6,"column":62}},"type":"binary-expr","locations":[{"start":{"line":6,"column":21},"end":{"line":6,"column":55}},{"start":{"line":6,"column":59},"end":{"line":6,"column":62}}],"line":6},"1":{"loc":{"start":{"line":15,"column":16},"end":{"line":17,"column":17}},"type":"if","locations":[{"start":{"line":15,"column":16},"end":{"line":17,"column":17}},{"start":{"line":15,"column":16},"end":{"line":17,"column":17}}],"line":15},"2":{"loc":{"start":{"line":20,"column":16},"end":{"line":22,"column":17}},"type":"if","locations":[{"start":{"line":20,"column":16},"end":{"line":22,"column":17}},{"start":{"line":20,"column":16},"end":{"line":22,"column":17}}],"line":20},"3":{"loc":{"start":{"line":26,"column":16},"end":{"line":28,"column":17}},"type":"if","locations":[{"start":{"line":26,"column":16},"end":{"line":28,"column":17}},{"start":{"line":26,"column":16},"end":{"line":28,"column":17}}],"line":26},"4":{"loc":{"start":{"line":32,"column":16},"end":{"line":34,"column":17}},"type":"if","locations":[{"start":{"line":32,"column":16},"end":{"line":34,"column":17}},{"start":{"line":32,"column":16},"end":{"line":34,"column":17}}],"line":32},"5":{"loc":{"start":{"line":38,"column":16},"end":{"line":40,"column":17}},"type":"if","locations":[{"start":{"line":38,"column":16},"end":{"line":40,"column":17}},{"start":{"line":38,"column":16},"end":{"line":40,"column":17}}],"line":38},"6":{"loc":{"start":{"line":44,"column":16},"end":{"line":46,"column":17}},"type":"if","locations":[{"start":{"line":44,"column":16},"end":{"line":46,"column":17}},{"start":{"line":44,"column":16},"end":{"line":46,"column":17}}],"line":44}},"s":{"0":10,"1":10,"2":51,"3":10,"4":10,"5":1,"6":1,"7":1,"8":1,"9":1,"10":1,"11":4,"12":4,"13":1,"14":1,"15":1,"16":1,"17":3,"18":51},"f":{"0":51,"1":10,"2":10,"3":1,"4":1,"5":1,"6":4,"7":1,"8":1,"9":3},"b":{"0":[51,51],"1":[1,0],"2":[1,0],"3":[1,0],"4":[4,0],"5":[1,0],"6":[1,0]},"_coverageSchema":"43e27e138ebf9cfc5966b082cf9a028302ed4184","hash":"4930bbbc3923935bdf15db0716cfff21fa21cd4c"}
,"/Users/carsonnwright/Projects/gadgeteer/lib/logger/index.js": {"path":"/Users/carsonnwright/Projects/gadgeteer/lib/logger/index.js","statementMap":{"0":{"start":{"line":1,"column":19},"end":{"line":1,"column":41}},"1":{"start":{"line":2,"column":15},"end":{"line":2,"column":34}},"2":{"start":{"line":3,"column":11},"end":{"line":3,"column":24}},"3":{"start":{"line":5,"column":23},"end":{"line":14,"column":1}},"4":{"start":{"line":6,"column":4},"end":{"line":12,"column":5}},"5":{"start":{"line":7,"column":8},"end":{"line":9,"column":10}},"6":{"start":{"line":8,"column":12},"end":{"line":8,"column":20}},"7":{"start":{"line":10,"column":10},"end":{"line":12,"column":5}},"8":{"start":{"line":13,"column":4},"end":{"line":13,"column":18}},"9":{"start":{"line":18,"column":25},"end":{"line":20,"column":1}},"10":{"start":{"line":19,"column":4},"end":{"line":19,"column":83}},"11":{"start":{"line":22,"column":0},"end":{"line":99,"column":1}},"12":{"start":{"line":26,"column":16},"end":{"line":26,"column":36}},"13":{"start":{"line":29,"column":16},"end":{"line":29,"column":27}},"14":{"start":{"line":32,"column":30},"end":{"line":32,"column":49}},"15":{"start":{"line":34,"column":16},"end":{"line":34,"column":94}},"16":{"start":{"line":37,"column":30},"end":{"line":37,"column":49}},"17":{"start":{"line":38,"column":16},"end":{"line":41,"column":18}},"18":{"start":{"line":44,"column":30},"end":{"line":44,"column":49}},"19":{"start":{"line":45,"column":16},"end":{"line":50,"column":17}},"20":{"start":{"line":46,"column":20},"end":{"line":49,"column":22}},"21":{"start":{"line":54,"column":30},"end":{"line":54,"column":49}},"22":{"start":{"line":55,"column":16},"end":{"line":60,"column":17}},"23":{"start":{"line":56,"column":20},"end":{"line":59,"column":22}},"24":{"start":{"line":63,"column":30},"end":{"line":63,"column":49}},"25":{"start":{"line":64,"column":16},"end":{"line":69,"column":17}},"26":{"start":{"line":65,"column":20},"end":{"line":68,"column":22}},"27":{"start":{"line":72,"column":30},"end":{"line":72,"column":49}},"28":{"start":{"line":73,"column":16},"end":{"line":78,"column":17}},"29":{"start":{"line":74,"column":20},"end":{"line":77,"column":22}},"30":{"start":{"line":81,"column":30},"end":{"line":81,"column":49}},"31":{"start":{"line":82,"column":16},"end":{"line":87,"column":17}},"32":{"start":{"line":83,"column":20},"end":{"line":86,"column":22}},"33":{"start":{"line":91,"column":8},"end":{"line":91,"column":32}},"34":{"start":{"line":92,"column":8},"end":{"line":92,"column":63}},"35":{"start":{"line":94,"column":8},"end":{"line":94,"column":22}}},"fnMap":{"0":{"name":"(anonymous_0)","decl":{"start":{"line":5,"column":23},"end":{"line":5,"column":24}},"loc":{"start":{"line":5,"column":34},"end":{"line":14,"column":1}},"line":5},"1":{"name":"(anonymous_1)","decl":{"start":{"line":7,"column":30},"end":{"line":7,"column":31}},"loc":{"start":{"line":7,"column":35},"end":{"line":9,"column":9}},"line":7},"2":{"name":"(anonymous_2)","decl":{"start":{"line":18,"column":25},"end":{"line":18,"column":26}},"loc":{"start":{"line":18,"column":38},"end":{"line":20,"column":1}},"line":18},"3":{"name":"(anonymous_3)","decl":{"start":{"line":23,"column":22},"end":{"line":23,"column":23}},"loc":{"start":{"line":23,"column":30},"end":{"line":95,"column":5}},"line":23},"4":{"name":"(anonymous_4)","decl":{"start":{"line":25,"column":12},"end":{"line":25,"column":13}},"loc":{"start":{"line":25,"column":28},"end":{"line":27,"column":13}},"line":25},"5":{"name":"(anonymous_5)","decl":{"start":{"line":28,"column":12},"end":{"line":28,"column":13}},"loc":{"start":{"line":28,"column":29},"end":{"line":30,"column":13}},"line":28},"6":{"name":"(anonymous_6)","decl":{"start":{"line":31,"column":12},"end":{"line":31,"column":13}},"loc":{"start":{"line":31,"column":25},"end":{"line":35,"column":13}},"line":31},"7":{"name":"(anonymous_7)","decl":{"start":{"line":36,"column":12},"end":{"line":36,"column":13}},"loc":{"start":{"line":36,"column":35},"end":{"line":42,"column":13}},"line":36},"8":{"name":"(anonymous_8)","decl":{"start":{"line":43,"column":12},"end":{"line":43,"column":13}},"loc":{"start":{"line":43,"column":53},"end":{"line":51,"column":13}},"line":43},"9":{"name":"(anonymous_9)","decl":{"start":{"line":53,"column":12},"end":{"line":53,"column":13}},"loc":{"start":{"line":53,"column":55},"end":{"line":61,"column":13}},"line":53},"10":{"name":"(anonymous_10)","decl":{"start":{"line":62,"column":12},"end":{"line":62,"column":13}},"loc":{"start":{"line":62,"column":55},"end":{"line":70,"column":13}},"line":62},"11":{"name":"(anonymous_11)","decl":{"start":{"line":71,"column":12},"end":{"line":71,"column":13}},"loc":{"start":{"line":71,"column":54},"end":{"line":79,"column":13}},"line":71},"12":{"name":"(anonymous_12)","decl":{"start":{"line":80,"column":12},"end":{"line":80,"column":13}},"loc":{"start":{"line":80,"column":54},"end":{"line":88,"column":13}},"line":80}},"branchMap":{"0":{"loc":{"start":{"line":6,"column":4},"end":{"line":12,"column":5}},"type":"if","locations":[{"start":{"line":6,"column":4},"end":{"line":12,"column":5}},{"start":{"line":6,"column":4},"end":{"line":12,"column":5}}],"line":6},"1":{"loc":{"start":{"line":10,"column":10},"end":{"line":12,"column":5}},"type":"if","locations":[{"start":{"line":10,"column":10},"end":{"line":12,"column":5}},{"start":{"line":10,"column":10},"end":{"line":12,"column":5}}],"line":10},"2":{"loc":{"start":{"line":10,"column":13},"end":{"line":10,"column":86}},"type":"binary-expr","locations":[{"start":{"line":10,"column":13},"end":{"line":10,"column":39}},{"start":{"line":10,"column":43},"end":{"line":10,"column":86}}],"line":10},"3":{"loc":{"start":{"line":43,"column":24},"end":{"line":43,"column":42}},"type":"default-arg","locations":[{"start":{"line":43,"column":31},"end":{"line":43,"column":42}}],"line":43},"4":{"loc":{"start":{"line":45,"column":16},"end":{"line":50,"column":17}},"type":"if","locations":[{"start":{"line":45,"column":16},"end":{"line":50,"column":17}},{"start":{"line":45,"column":16},"end":{"line":50,"column":17}}],"line":45},"5":{"loc":{"start":{"line":53,"column":26},"end":{"line":53,"column":44}},"type":"default-arg","locations":[{"start":{"line":53,"column":33},"end":{"line":53,"column":44}}],"line":53},"6":{"loc":{"start":{"line":55,"column":16},"end":{"line":60,"column":17}},"type":"if","locations":[{"start":{"line":55,"column":16},"end":{"line":60,"column":17}},{"start":{"line":55,"column":16},"end":{"line":60,"column":17}}],"line":55},"7":{"loc":{"start":{"line":62,"column":26},"end":{"line":62,"column":44}},"type":"default-arg","locations":[{"start":{"line":62,"column":33},"end":{"line":62,"column":44}}],"line":62},"8":{"loc":{"start":{"line":64,"column":16},"end":{"line":69,"column":17}},"type":"if","locations":[{"start":{"line":64,"column":16},"end":{"line":69,"column":17}},{"start":{"line":64,"column":16},"end":{"line":69,"column":17}}],"line":64},"9":{"loc":{"start":{"line":71,"column":25},"end":{"line":71,"column":43}},"type":"default-arg","locations":[{"start":{"line":71,"column":32},"end":{"line":71,"column":43}}],"line":71},"10":{"loc":{"start":{"line":73,"column":16},"end":{"line":78,"column":17}},"type":"if","locations":[{"start":{"line":73,"column":16},"end":{"line":78,"column":17}},{"start":{"line":73,"column":16},"end":{"line":78,"column":17}}],"line":73},"11":{"loc":{"start":{"line":80,"column":25},"end":{"line":80,"column":43}},"type":"default-arg","locations":[{"start":{"line":80,"column":32},"end":{"line":80,"column":43}}],"line":80},"12":{"loc":{"start":{"line":82,"column":16},"end":{"line":87,"column":17}},"type":"if","locations":[{"start":{"line":82,"column":16},"end":{"line":87,"column":17}},{"start":{"line":82,"column":16},"end":{"line":87,"column":17}}],"line":82}},"s":{"0":10,"1":10,"2":10,"3":10,"4":6,"5":1,"6":1,"7":5,"8":6,"9":10,"10":7,"11":10,"12":7,"13":5,"14":1,"15":1,"16":1,"17":1,"18":1,"19":1,"20":1,"21":1,"22":1,"23":1,"24":1,"25":1,"26":1,"27":1,"28":1,"29":1,"30":1,"31":1,"32":1,"33":51,"34":51,"35":51},"f":{"0":6,"1":1,"2":7,"3":51,"4":7,"5":5,"6":1,"7":1,"8":1,"9":1,"10":1,"11":1,"12":1},"b":{"0":[1,5],"1":[0,5],"2":[5,0],"3":[0],"4":[1,0],"5":[0],"6":[1,0],"7":[0],"8":[1,0],"9":[0],"10":[1,0],"11":[0],"12":[1,0]},"_coverageSchema":"43e27e138ebf9cfc5966b082cf9a028302ed4184","hash":"678491963c0e0244334770c89d29927fad330c24"}
,"/Users/carsonnwright/Projects/gadgeteer/lib/messenger/index.js": {"path":"/Users/carsonnwright/Projects/gadgeteer/lib/messenger/index.js","statementMap":{"0":{"start":{"line":1,"column":16},"end":{"line":1,"column":37}},"1":{"start":{"line":2,"column":13},"end":{"line":2,"column":29}},"2":{"start":{"line":3,"column":11},"end":{"line":3,"column":24}},"3":{"start":{"line":4,"column":15},"end":{"line":4,"column":32}},"4":{"start":{"line":6,"column":0},"end":{"line":99,"column":1}},"5":{"start":{"line":10,"column":16},"end":{"line":54,"column":17}},"6":{"start":{"line":12,"column":24},"end":{"line":52,"column":25}},"7":{"start":{"line":14,"column":32},"end":{"line":32,"column":34}},"8":{"start":{"line":15,"column":36},"end":{"line":29,"column":37}},"9":{"start":{"line":17,"column":54},"end":{"line":17,"column":56}},"10":{"start":{"line":18,"column":40},"end":{"line":18,"column":96}},"11":{"start":{"line":19,"column":40},"end":{"line":19,"column":104}},"12":{"start":{"line":20,"column":40},"end":{"line":20,"column":67}},"13":{"start":{"line":21,"column":40},"end":{"line":21,"column":73}},"14":{"start":{"line":22,"column":40},"end":{"line":22,"column":83}},"15":{"start":{"line":23,"column":40},"end":{"line":23,"column":78}},"16":{"start":{"line":24,"column":40},"end":{"line":24,"column":95}},"17":{"start":{"line":26,"column":40},"end":{"line":26,"column":89}},"18":{"start":{"line":28,"column":40},"end":{"line":28,"column":53}},"19":{"start":{"line":31,"column":36},"end":{"line":31,"column":45}},"20":{"start":{"line":35,"column":32},"end":{"line":51,"column":34}},"21":{"start":{"line":36,"column":51},"end":{"line":39,"column":38}},"22":{"start":{"line":41,"column":36},"end":{"line":50,"column":38}},"23":{"start":{"line":47,"column":44},"end":{"line":48,"column":66}},"24":{"start":{"line":47,"column":53},"end":{"line":47,"column":64}},"25":{"start":{"line":48,"column":53},"end":{"line":48,"column":66}},"26":{"start":{"line":57,"column":16},"end":{"line":83,"column":17}},"27":{"start":{"line":60,"column":24},"end":{"line":80,"column":25}},"28":{"start":{"line":62,"column":32},"end":{"line":62,"column":84}},"29":{"start":{"line":63,"column":32},"end":{"line":63,"column":56}},"30":{"start":{"line":64,"column":32},"end":{"line":64,"column":72}},"31":{"start":{"line":65,"column":32},"end":{"line":65,"column":73}},"32":{"start":{"line":66,"column":32},"end":{"line":66,"column":67}},"33":{"start":{"line":67,"column":32},"end":{"line":67,"column":84}},"34":{"start":{"line":68,"column":32},"end":{"line":68,"column":43}},"35":{"start":{"line":70,"column":45},"end":{"line":73,"column":33}},"36":{"start":{"line":75,"column":32},"end":{"line":79,"column":33}},"37":{"start":{"line":86,"column":16},"end":{"line":93,"column":17}},"38":{"start":{"line":88,"column":24},"end":{"line":91,"column":25}},"39":{"start":{"line":97,"column":8},"end":{"line":97,"column":24}}},"fnMap":{"0":{"name":"(anonymous_0)","decl":{"start":{"line":7,"column":25},"end":{"line":7,"column":26}},"loc":{"start":{"line":7,"column":33},"end":{"line":98,"column":5}},"line":7},"1":{"name":"(anonymous_1)","decl":{"start":{"line":9,"column":12},"end":{"line":9,"column":13}},"loc":{"start":{"line":9,"column":30},"end":{"line":55,"column":13}},"line":9},"2":{"name":"(anonymous_2)","decl":{"start":{"line":11,"column":26},"end":{"line":11,"column":27}},"loc":{"start":{"line":11,"column":37},"end":{"line":53,"column":21}},"line":11},"3":{"name":"(anonymous_3)","decl":{"start":{"line":14,"column":51},"end":{"line":14,"column":52}},"loc":{"start":{"line":14,"column":70},"end":{"line":32,"column":33}},"line":14},"4":{"name":"(anonymous_4)","decl":{"start":{"line":35,"column":51},"end":{"line":35,"column":52}},"loc":{"start":{"line":35,"column":70},"end":{"line":51,"column":33}},"line":35},"5":{"name":"(anonymous_5)","decl":{"start":{"line":46,"column":39},"end":{"line":46,"column":40}},"loc":{"start":{"line":46,"column":52},"end":{"line":49,"column":41}},"line":46},"6":{"name":"(anonymous_6)","decl":{"start":{"line":56,"column":12},"end":{"line":56,"column":13}},"loc":{"start":{"line":56,"column":28},"end":{"line":84,"column":13}},"line":56},"7":{"name":"(anonymous_7)","decl":{"start":{"line":58,"column":26},"end":{"line":58,"column":27}},"loc":{"start":{"line":58,"column":37},"end":{"line":82,"column":21}},"line":58},"8":{"name":"(anonymous_8)","decl":{"start":{"line":85,"column":12},"end":{"line":85,"column":13}},"loc":{"start":{"line":85,"column":29},"end":{"line":94,"column":13}},"line":85},"9":{"name":"(anonymous_9)","decl":{"start":{"line":87,"column":26},"end":{"line":87,"column":27}},"loc":{"start":{"line":87,"column":43},"end":{"line":92,"column":21}},"line":87}},"branchMap":{"0":{"loc":{"start":{"line":12,"column":24},"end":{"line":52,"column":25}},"type":"switch","locations":[{"start":{"line":13,"column":28},"end":{"line":32,"column":34}},{"start":{"line":34,"column":28},"end":{"line":51,"column":34}}],"line":12},"1":{"loc":{"start":{"line":47,"column":44},"end":{"line":48,"column":66}},"type":"if","locations":[{"start":{"line":47,"column":44},"end":{"line":48,"column":66}},{"start":{"line":47,"column":44},"end":{"line":48,"column":66}}],"line":47},"2":{"loc":{"start":{"line":60,"column":24},"end":{"line":80,"column":25}},"type":"switch","locations":[{"start":{"line":61,"column":28},"end":{"line":68,"column":43}},{"start":{"line":69,"column":28},"end":{"line":79,"column":33}}],"line":60}},"s":{"0":0,"1":0,"2":0,"3":0,"4":0,"5":0,"6":0,"7":0,"8":0,"9":0,"10":0,"11":0,"12":0,"13":0,"14":0,"15":0,"16":0,"17":0,"18":0,"19":0,"20":0,"21":0,"22":0,"23":0,"24":0,"25":0,"26":0,"27":0,"28":0,"29":0,"30":0,"31":0,"32":0,"33":0,"34":0,"35":0,"36":0,"37":0,"38":0,"39":0},"f":{"0":0,"1":0,"2":0,"3":0,"4":0,"5":0,"6":0,"7":0,"8":0,"9":0},"b":{"0":[0,0],"1":[0,0],"2":[0,0]},"hash":"cbd2a610d71bf2f7d5956dc6a412fc1fc8dd42a7"}
,"/Users/carsonnwright/Projects/gadgeteer/lib/migration/example.js": {"path":"/Users/carsonnwright/Projects/gadgeteer/lib/migration/example.js","statementMap":{"0":{"start":{"line":1,"column":18},"end":{"line":1,"column":41}},"1":{"start":{"line":12,"column":0},"end":{"line":12,"column":40}}},"fnMap":{"0":{"name":"(anonymous_0)","decl":{"start":{"line":4,"column":4},"end":{"line":4,"column":5}},"loc":{"start":{"line":4,"column":16},"end":{"line":6,"column":5}},"line":4},"1":{"name":"(anonymous_1)","decl":{"start":{"line":7,"column":4},"end":{"line":7,"column":5}},"loc":{"start":{"line":7,"column":18},"end":{"line":9,"column":5}},"line":7}},"branchMap":{},"s":{"0":0,"1":0},"f":{"0":0,"1":0},"b":{},"hash":"cbc3a59280b8c5c6fcc70d8e2b4a2261320a7352"}
,"/Users/carsonnwright/Projects/gadgeteer/lib/migration/generate.js": {"path":"/Users/carsonnwright/Projects/gadgeteer/lib/migration/generate.js","statementMap":{"0":{"start":{"line":1,"column":11},"end":{"line":1,"column":24}},"1":{"start":{"line":2,"column":13},"end":{"line":2,"column":28}},"2":{"start":{"line":3,"column":15},"end":{"line":3,"column":32}},"3":{"start":{"line":5,"column":0},"end":{"line":17,"column":1}},"4":{"start":{"line":6,"column":20},"end":{"line":6,"column":80}},"5":{"start":{"line":7,"column":17},"end":{"line":7,"column":54}},"6":{"start":{"line":9,"column":23},"end":{"line":9,"column":72}},"7":{"start":{"line":11,"column":19},"end":{"line":11,"column":72}},"8":{"start":{"line":13,"column":4},"end":{"line":15,"column":5}},"9":{"start":{"line":14,"column":8},"end":{"line":14,"column":41}},"10":{"start":{"line":16,"column":4},"end":{"line":16,"column":50}}},"fnMap":{"0":{"name":"(anonymous_0)","decl":{"start":{"line":5,"column":17},"end":{"line":5,"column":18}},"loc":{"start":{"line":5,"column":25},"end":{"line":17,"column":1}},"line":5}},"branchMap":{"0":{"loc":{"start":{"line":13,"column":4},"end":{"line":15,"column":5}},"type":"if","locations":[{"start":{"line":13,"column":4},"end":{"line":15,"column":5}},{"start":{"line":13,"column":4},"end":{"line":15,"column":5}}],"line":13}},"s":{"0":0,"1":0,"2":0,"3":0,"4":0,"5":0,"6":0,"7":0,"8":0,"9":0,"10":0},"f":{"0":0},"b":{"0":[0,0]},"hash":"a312907755b4c62c6c326e39bd9962db3c39835a"}
,"/Users/carsonnwright/Projects/gadgeteer/lib/migration/index.js": {"path":"/Users/carsonnwright/Projects/gadgeteer/lib/migration/index.js","statementMap":{"0":{"start":{"line":1,"column":0},"end":{"line":198,"column":1}},"1":{"start":{"line":5,"column":33},"end":{"line":5,"column":43}},"2":{"start":{"line":6,"column":16},"end":{"line":6,"column":37}},"3":{"start":{"line":7,"column":16},"end":{"line":7,"column":43}},"4":{"start":{"line":8,"column":16},"end":{"line":8,"column":37}},"5":{"start":{"line":11,"column":33},"end":{"line":11,"column":43}},"6":{"start":{"line":12,"column":16},"end":{"line":12,"column":37}},"7":{"start":{"line":13,"column":16},"end":{"line":13,"column":43}},"8":{"start":{"line":14,"column":16},"end":{"line":14,"column":39}},"9":{"start":{"line":18,"column":31},"end":{"line":18,"column":61}},"10":{"start":{"line":20,"column":16},"end":{"line":32,"column":17}},"11":{"start":{"line":21,"column":20},"end":{"line":21,"column":32}},"12":{"start":{"line":23,"column":20},"end":{"line":31,"column":22}},"13":{"start":{"line":24,"column":24},"end":{"line":24,"column":37}},"14":{"start":{"line":25,"column":24},"end":{"line":25,"column":55}},"15":{"start":{"line":26,"column":24},"end":{"line":26,"column":63}},"16":{"start":{"line":27,"column":24},"end":{"line":27,"column":49}},"17":{"start":{"line":28,"column":24},"end":{"line":28,"column":49}},"18":{"start":{"line":29,"column":24},"end":{"line":29,"column":39}},"19":{"start":{"line":30,"column":24},"end":{"line":30,"column":29}},"20":{"start":{"line":36,"column":16},"end":{"line":36,"column":71}},"21":{"start":{"line":40,"column":30},"end":{"line":44,"column":18}},"22":{"start":{"line":45,"column":16},"end":{"line":45,"column":43}},"23":{"start":{"line":49,"column":28},"end":{"line":49,"column":88}},"24":{"start":{"line":50,"column":16},"end":{"line":52,"column":17}},"25":{"start":{"line":51,"column":20},"end":{"line":51,"column":61}},"26":{"start":{"line":53,"column":30},"end":{"line":53,"column":32}},"27":{"start":{"line":54,"column":16},"end":{"line":66,"column":17}},"28":{"start":{"line":55,"column":33},"end":{"line":55,"column":35}},"29":{"start":{"line":56,"column":20},"end":{"line":60,"column":21}},"30":{"start":{"line":57,"column":24},"end":{"line":57,"column":52}},"31":{"start":{"line":59,"column":24},"end":{"line":59,"column":54}},"32":{"start":{"line":62,"column":20},"end":{"line":64,"column":21}},"33":{"start":{"line":63,"column":24},"end":{"line":63,"column":58}},"34":{"start":{"line":65,"column":20},"end":{"line":65,"column":40}},"35":{"start":{"line":67,"column":16},"end":{"line":67,"column":51}},"36":{"start":{"line":68,"column":16},"end":{"line":68,"column":43}},"37":{"start":{"line":72,"column":16},"end":{"line":72,"column":78}},"38":{"start":{"line":76,"column":16},"end":{"line":76,"column":69}},"39":{"start":{"line":80,"column":16},"end":{"line":80,"column":67}},"40":{"start":{"line":84,"column":31},"end":{"line":84,"column":71}},"41":{"start":{"line":85,"column":16},"end":{"line":95,"column":17}},"42":{"start":{"line":86,"column":20},"end":{"line":92,"column":22}},"43":{"start":{"line":87,"column":24},"end":{"line":91,"column":25}},"44":{"start":{"line":88,"column":28},"end":{"line":88,"column":66}},"45":{"start":{"line":90,"column":28},"end":{"line":90,"column":79}},"46":{"start":{"line":94,"column":20},"end":{"line":94,"column":32}},"47":{"start":{"line":99,"column":16},"end":{"line":101,"column":18}},"48":{"start":{"line":100,"column":20},"end":{"line":100,"column":35}},"49":{"start":{"line":105,"column":16},"end":{"line":114,"column":18}},"50":{"start":{"line":107,"column":20},"end":{"line":111,"column":21}},"51":{"start":{"line":108,"column":24},"end":{"line":108,"column":52}},"52":{"start":{"line":110,"column":24},"end":{"line":110,"column":56}},"53":{"start":{"line":113,"column":20},"end":{"line":113,"column":61}},"54":{"start":{"line":113,"column":34},"end":{"line":113,"column":61}},"55":{"start":{"line":117,"column":31},"end":{"line":117,"column":77}},"56":{"start":{"line":119,"column":16},"end":{"line":125,"column":17}},"57":{"start":{"line":120,"column":20},"end":{"line":122,"column":22}},"58":{"start":{"line":121,"column":24},"end":{"line":121,"column":48}},"59":{"start":{"line":124,"column":20},"end":{"line":124,"column":32}},"60":{"start":{"line":128,"column":31},"end":{"line":128,"column":75}},"61":{"start":{"line":130,"column":16},"end":{"line":136,"column":17}},"62":{"start":{"line":131,"column":20},"end":{"line":133,"column":22}},"63":{"start":{"line":132,"column":24},"end":{"line":132,"column":56}},"64":{"start":{"line":135,"column":20},"end":{"line":135,"column":32}},"65":{"start":{"line":139,"column":31},"end":{"line":139,"column":71}},"66":{"start":{"line":140,"column":16},"end":{"line":150,"column":17}},"67":{"start":{"line":141,"column":20},"end":{"line":147,"column":22}},"68":{"start":{"line":142,"column":24},"end":{"line":146,"column":25}},"69":{"start":{"line":143,"column":28},"end":{"line":143,"column":80}},"70":{"start":{"line":145,"column":28},"end":{"line":145,"column":93}},"71":{"start":{"line":149,"column":20},"end":{"line":149,"column":32}},"72":{"start":{"line":153,"column":31},"end":{"line":153,"column":71}},"73":{"start":{"line":155,"column":16},"end":{"line":165,"column":17}},"74":{"start":{"line":156,"column":20},"end":{"line":162,"column":22}},"75":{"start":{"line":157,"column":24},"end":{"line":161,"column":25}},"76":{"start":{"line":158,"column":28},"end":{"line":158,"column":56}},"77":{"start":{"line":160,"column":28},"end":{"line":160,"column":69}},"78":{"start":{"line":164,"column":20},"end":{"line":164,"column":32}},"79":{"start":{"line":168,"column":16},"end":{"line":168,"column":59}},"80":{"start":{"line":171,"column":31},"end":{"line":171,"column":61}},"81":{"start":{"line":172,"column":16},"end":{"line":176,"column":17}},"82":{"start":{"line":173,"column":20},"end":{"line":173,"column":70}},"83":{"start":{"line":175,"column":20},"end":{"line":175,"column":33}},"84":{"start":{"line":179,"column":16},"end":{"line":179,"column":61}},"85":{"start":{"line":182,"column":16},"end":{"line":182,"column":41}},"86":{"start":{"line":185,"column":16},"end":{"line":192,"column":17}},"87":{"start":{"line":187,"column":24},"end":{"line":187,"column":44}},"88":{"start":{"line":190,"column":24},"end":{"line":190,"column":46}},"89":{"start":{"line":196,"column":8},"end":{"line":196,"column":25}}},"fnMap":{"0":{"name":"(anonymous_0)","decl":{"start":{"line":2,"column":25},"end":{"line":2,"column":26}},"loc":{"start":{"line":2,"column":29},"end":{"line":197,"column":5}},"line":2},"1":{"name":"(anonymous_1)","decl":{"start":{"line":4,"column":12},"end":{"line":4,"column":13}},"loc":{"start":{"line":4,"column":36},"end":{"line":9,"column":13}},"line":4},"2":{"name":"(anonymous_2)","decl":{"start":{"line":10,"column":12},"end":{"line":10,"column":13}},"loc":{"start":{"line":10,"column":38},"end":{"line":15,"column":13}},"line":10},"3":{"name":"(anonymous_3)","decl":{"start":{"line":17,"column":12},"end":{"line":17,"column":13}},"loc":{"start":{"line":17,"column":44},"end":{"line":33,"column":13}},"line":17},"4":{"name":"(anonymous_4)","decl":{"start":{"line":23,"column":73},"end":{"line":23,"column":74}},"loc":{"start":{"line":23,"column":78},"end":{"line":31,"column":21}},"line":23},"5":{"name":"(anonymous_5)","decl":{"start":{"line":35,"column":12},"end":{"line":35,"column":13}},"loc":{"start":{"line":35,"column":43},"end":{"line":37,"column":13}},"line":35},"6":{"name":"(anonymous_6)","decl":{"start":{"line":39,"column":12},"end":{"line":39,"column":13}},"loc":{"start":{"line":39,"column":53},"end":{"line":46,"column":13}},"line":39},"7":{"name":"(anonymous_7)","decl":{"start":{"line":48,"column":12},"end":{"line":48,"column":13}},"loc":{"start":{"line":48,"column":88},"end":{"line":69,"column":13}},"line":48},"8":{"name":"(anonymous_8)","decl":{"start":{"line":71,"column":12},"end":{"line":71,"column":13}},"loc":{"start":{"line":71,"column":43},"end":{"line":73,"column":13}},"line":71},"9":{"name":"(anonymous_9)","decl":{"start":{"line":75,"column":12},"end":{"line":75,"column":13}},"loc":{"start":{"line":75,"column":35},"end":{"line":77,"column":13}},"line":75},"10":{"name":"(anonymous_10)","decl":{"start":{"line":79,"column":12},"end":{"line":79,"column":13}},"loc":{"start":{"line":79,"column":36},"end":{"line":81,"column":13}},"line":79},"11":{"name":"(anonymous_11)","decl":{"start":{"line":83,"column":12},"end":{"line":83,"column":13}},"loc":{"start":{"line":83,"column":54},"end":{"line":96,"column":13}},"line":83},"12":{"name":"(anonymous_12)","decl":{"start":{"line":86,"column":72},"end":{"line":86,"column":73}},"loc":{"start":{"line":86,"column":77},"end":{"line":92,"column":21}},"line":86},"13":{"name":"(anonymous_13)","decl":{"start":{"line":98,"column":12},"end":{"line":98,"column":13}},"loc":{"start":{"line":98,"column":49},"end":{"line":102,"column":13}},"line":98},"14":{"name":"(anonymous_14)","decl":{"start":{"line":99,"column":63},"end":{"line":99,"column":64}},"loc":{"start":{"line":99,"column":68},"end":{"line":101,"column":17}},"line":99},"15":{"name":"(anonymous_15)","decl":{"start":{"line":104,"column":12},"end":{"line":104,"column":13}},"loc":{"start":{"line":104,"column":67},"end":{"line":115,"column":13}},"line":104},"16":{"name":"(anonymous_16)","decl":{"start":{"line":105,"column":63},"end":{"line":105,"column":64}},"loc":{"start":{"line":105,"column":68},"end":{"line":114,"column":17}},"line":105},"17":{"name":"(anonymous_17)","decl":{"start":{"line":116,"column":12},"end":{"line":116,"column":13}},"loc":{"start":{"line":116,"column":51},"end":{"line":126,"column":13}},"line":116},"18":{"name":"(anonymous_18)","decl":{"start":{"line":120,"column":67},"end":{"line":120,"column":68}},"loc":{"start":{"line":120,"column":72},"end":{"line":122,"column":21}},"line":120},"19":{"name":"(anonymous_19)","decl":{"start":{"line":127,"column":12},"end":{"line":127,"column":13}},"loc":{"start":{"line":127,"column":59},"end":{"line":137,"column":13}},"line":127},"20":{"name":"(anonymous_20)","decl":{"start":{"line":131,"column":67},"end":{"line":131,"column":68}},"loc":{"start":{"line":131,"column":72},"end":{"line":133,"column":21}},"line":131},"21":{"name":"(anonymous_21)","decl":{"start":{"line":138,"column":12},"end":{"line":138,"column":13}},"loc":{"start":{"line":138,"column":74},"end":{"line":151,"column":13}},"line":138},"22":{"name":"(anonymous_22)","decl":{"start":{"line":141,"column":72},"end":{"line":141,"column":73}},"loc":{"start":{"line":141,"column":77},"end":{"line":147,"column":21}},"line":141},"23":{"name":"(anonymous_23)","decl":{"start":{"line":152,"column":12},"end":{"line":152,"column":13}},"loc":{"start":{"line":152,"column":53},"end":{"line":166,"column":13}},"line":152},"24":{"name":"(anonymous_24)","decl":{"start":{"line":156,"column":72},"end":{"line":156,"column":73}},"loc":{"start":{"line":156,"column":77},"end":{"line":162,"column":21}},"line":156},"25":{"name":"(anonymous_25)","decl":{"start":{"line":167,"column":12},"end":{"line":167,"column":13}},"loc":{"start":{"line":167,"column":31},"end":{"line":169,"column":13}},"line":167},"26":{"name":"(anonymous_26)","decl":{"start":{"line":170,"column":12},"end":{"line":170,"column":13}},"loc":{"start":{"line":170,"column":38},"end":{"line":177,"column":13}},"line":170},"27":{"name":"(anonymous_27)","decl":{"start":{"line":178,"column":12},"end":{"line":178,"column":13}},"loc":{"start":{"line":178,"column":33},"end":{"line":180,"column":13}},"line":178},"28":{"name":"(anonymous_28)","decl":{"start":{"line":181,"column":12},"end":{"line":181,"column":13}},"loc":{"start":{"line":181,"column":17},"end":{"line":183,"column":13}},"line":181},"29":{"name":"(anonymous_29)","decl":{"start":{"line":184,"column":12},"end":{"line":184,"column":13}},"loc":{"start":{"line":184,"column":30},"end":{"line":193,"column":13}},"line":184},"30":{"name":"(anonymous_30)","decl":{"start":{"line":186,"column":24},"end":{"line":186,"column":25}},"loc":{"start":{"line":186,"column":32},"end":{"line":188,"column":21}},"line":186},"31":{"name":"(anonymous_31)","decl":{"start":{"line":189,"column":26},"end":{"line":189,"column":27}},"loc":{"start":{"line":189,"column":34},"end":{"line":191,"column":21}},"line":189}},"branchMap":{"0":{"loc":{"start":{"line":20,"column":16},"end":{"line":32,"column":17}},"type":"if","locations":[{"start":{"line":20,"column":16},"end":{"line":32,"column":17}},{"start":{"line":20,"column":16},"end":{"line":32,"column":17}}],"line":20},"1":{"loc":{"start":{"line":48,"column":67},"end":{"line":48,"column":87}},"type":"default-arg","locations":[{"start":{"line":48,"column":85},"end":{"line":48,"column":87}}],"line":48},"2":{"loc":{"start":{"line":50,"column":16},"end":{"line":52,"column":17}},"type":"if","locations":[{"start":{"line":50,"column":16},"end":{"line":52,"column":17}},{"start":{"line":50,"column":16},"end":{"line":52,"column":17}}],"line":50},"3":{"loc":{"start":{"line":50,"column":19},"end":{"line":50,"column":52}},"type":"binary-expr","locations":[{"start":{"line":50,"column":19},"end":{"line":50,"column":28}},{"start":{"line":50,"column":32},"end":{"line":50,"column":52}}],"line":50},"4":{"loc":{"start":{"line":56,"column":20},"end":{"line":60,"column":21}},"type":"if","locations":[{"start":{"line":56,"column":20},"end":{"line":60,"column":21}},{"start":{"line":56,"column":20},"end":{"line":60,"column":21}}],"line":56},"5":{"loc":{"start":{"line":56,"column":23},"end":{"line":56,"column":83}},"type":"binary-expr","locations":[{"start":{"line":56,"column":23},"end":{"line":56,"column":51}},{"start":{"line":56,"column":55},"end":{"line":56,"column":83}}],"line":56},"6":{"loc":{"start":{"line":62,"column":20},"end":{"line":64,"column":21}},"type":"if","locations":[{"start":{"line":62,"column":20},"end":{"line":64,"column":21}},{"start":{"line":62,"column":20},"end":{"line":64,"column":21}}],"line":62},"7":{"loc":{"start":{"line":85,"column":16},"end":{"line":95,"column":17}},"type":"if","locations":[{"start":{"line":85,"column":16},"end":{"line":95,"column":17}},{"start":{"line":85,"column":16},"end":{"line":95,"column":17}}],"line":85},"8":{"loc":{"start":{"line":87,"column":24},"end":{"line":91,"column":25}},"type":"if","locations":[{"start":{"line":87,"column":24},"end":{"line":91,"column":25}},{"start":{"line":87,"column":24},"end":{"line":91,"column":25}}],"line":87},"9":{"loc":{"start":{"line":107,"column":20},"end":{"line":111,"column":21}},"type":"if","locations":[{"start":{"line":107,"column":20},"end":{"line":111,"column":21}},{"start":{"line":107,"column":20},"end":{"line":111,"column":21}}],"line":107},"10":{"loc":{"start":{"line":113,"column":20},"end":{"line":113,"column":61}},"type":"if","locations":[{"start":{"line":113,"column":20},"end":{"line":113,"column":61}},{"start":{"line":113,"column":20},"end":{"line":113,"column":61}}],"line":113},"11":{"loc":{"start":{"line":119,"column":16},"end":{"line":125,"column":17}},"type":"if","locations":[{"start":{"line":119,"column":16},"end":{"line":125,"column":17}},{"start":{"line":119,"column":16},"end":{"line":125,"column":17}}],"line":119},"12":{"loc":{"start":{"line":130,"column":16},"end":{"line":136,"column":17}},"type":"if","locations":[{"start":{"line":130,"column":16},"end":{"line":136,"column":17}},{"start":{"line":130,"column":16},"end":{"line":136,"column":17}}],"line":130},"13":{"loc":{"start":{"line":140,"column":16},"end":{"line":150,"column":17}},"type":"if","locations":[{"start":{"line":140,"column":16},"end":{"line":150,"column":17}},{"start":{"line":140,"column":16},"end":{"line":150,"column":17}}],"line":140},"14":{"loc":{"start":{"line":142,"column":24},"end":{"line":146,"column":25}},"type":"if","locations":[{"start":{"line":142,"column":24},"end":{"line":146,"column":25}},{"start":{"line":142,"column":24},"end":{"line":146,"column":25}}],"line":142},"15":{"loc":{"start":{"line":155,"column":16},"end":{"line":165,"column":17}},"type":"if","locations":[{"start":{"line":155,"column":16},"end":{"line":165,"column":17}},{"start":{"line":155,"column":16},"end":{"line":165,"column":17}}],"line":155},"16":{"loc":{"start":{"line":157,"column":24},"end":{"line":161,"column":25}},"type":"if","locations":[{"start":{"line":157,"column":24},"end":{"line":161,"column":25}},{"start":{"line":157,"column":24},"end":{"line":161,"column":25}}],"line":157},"17":{"loc":{"start":{"line":172,"column":16},"end":{"line":176,"column":17}},"type":"if","locations":[{"start":{"line":172,"column":16},"end":{"line":176,"column":17}},{"start":{"line":172,"column":16},"end":{"line":176,"column":17}}],"line":172}},"s":{"0":10,"1":8,"2":8,"3":8,"4":8,"5":8,"6":8,"7":8,"8":8,"9":6,"10":6,"11":1,"12":5,"13":5,"14":5,"15":5,"16":5,"17":5,"18":5,"19":5,"20":2,"21":3,"22":3,"23":1,"24":1,"25":1,"26":1,"27":1,"28":3,"29":3,"30":0,"31":3,"32":3,"33":0,"34":3,"35":1,"36":1,"37":1,"38":0,"39":0,"40":0,"41":0,"42":0,"43":0,"44":0,"45":0,"46":0,"47":0,"48":0,"49":3,"50":3,"51":2,"52":1,"53":3,"54":1,"55":3,"56":3,"57":3,"58":3,"59":0,"60":0,"61":0,"62":0,"63":0,"64":0,"65":0,"66":0,"67":0,"68":0,"69":0,"70":0,"71":0,"72":0,"73":0,"74":0,"75":0,"76":0,"77":0,"78":0,"79":12,"80":6,"81":6,"82":5,"83":1,"84":0,"85":0,"86":7,"87":8,"88":8,"89":51},"f":{"0":51,"1":8,"2":8,"3":6,"4":5,"5":2,"6":3,"7":1,"8":1,"9":0,"10":0,"11":0,"12":0,"13":0,"14":0,"15":3,"16":3,"17":3,"18":3,"19":0,"20":0,"21":0,"22":0,"23":0,"24":0,"25":12,"26":6,"27":0,"28":0,"29":7,"30":8,"31":8},"b":{"0":[1,5],"1":[1],"2":[1,0],"3":[1,1],"4":[0,3],"5":[3,0],"6":[0,3],"7":[0,0],"8":[0,0],"9":[2,1],"10":[1,2],"11":[3,0],"12":[0,0],"13":[0,0],"14":[0,0],"15":[0,0],"16":[0,0],"17":[5,1]},"_coverageSchema":"43e27e138ebf9cfc5966b082cf9a028302ed4184","hash":"3192135f660ec139e0bc2657269a00e33c8acbc7"}
,"/Users/carsonnwright/Projects/gadgeteer/lib/model/example.js": {"path":"/Users/carsonnwright/Projects/gadgeteer/lib/model/example.js","statementMap":{"0":{"start":{"line":1,"column":14},"end":{"line":1,"column":34}},"1":{"start":{"line":5,"column":8},"end":{"line":5,"column":34}},"2":{"start":{"line":8,"column":0},"end":{"line":8,"column":28}}},"fnMap":{"0":{"name":"(anonymous_0)","decl":{"start":{"line":4,"column":4},"end":{"line":4,"column":5}},"loc":{"start":{"line":4,"column":26},"end":{"line":6,"column":5}},"line":4}},"branchMap":{},"s":{"0":0,"1":0,"2":0},"f":{"0":0},"b":{},"hash":"2293d215947ff35dd632169931e5c680c4425116"}
[...]
olumn":9}},"38":{"start":{"line":65,"column":12},"end":{"line":65,"column":123}},"39":{"start":{"line":67,"column":12},"end":{"line":67,"column":31}},"40":{"start":{"line":70,"column":11},"end":{"line":78,"column":5}},"41":{"start":{"line":71,"column":8},"end":{"line":71,"column":51}},"42":{"start":{"line":72,"column":19},"end":{"line":72,"column":43}},"43":{"start":{"line":73,"column":8},"end":{"line":73,"column":36}},"44":{"start":{"line":73,"column":17},"end":{"line":73,"column":36}},"45":{"start":{"line":75,"column":8},"end":{"line":77,"column":9}},"46":{"start":{"line":76,"column":12},"end":{"line":76,"column":114}},"47":{"start":{"line":85,"column":4},"end":{"line":85,"column":19}}},"fnMap":{"0":{"name":"createClient","decl":{"start":{"line":6,"column":26},"end":{"line":6,"column":38}},"loc":{"start":{"line":6,"column":69},"end":{"line":86,"column":1}},"line":6}},"branchMap":{"0":{"loc":{"start":{"line":8,"column":4},"end":{"line":78,"column":5}},"type":"if","locations":[{"start":{"line":8,"column":4},"end":{"line":78,"column":5}},{"start":{"line":8,"column":4},"end":{"line":78,"column":5}}],"line":8},"1":{"loc":{"start":{"line":8,"column":8},"end":{"line":8,"column":94}},"type":"binary-expr","locations":[{"start":{"line":8,"column":8},"end":{"line":8,"column":36}},{"start":{"line":8,"column":40},"end":{"line":8,"column":68}},{"start":{"line":8,"column":72},"end":{"line":8,"column":94}}],"line":8},"2":{"loc":{"start":{"line":11,"column":8},"end":{"line":18,"column":9}},"type":"if","locations":[{"start":{"line":11,"column":8},"end":{"line":18,"column":9}},{"start":{"line":11,"column":8},"end":{"line":18,"column":9}}],"line":11},"3":{"loc":{"start":{"line":14,"column":12},"end":{"line":16,"column":13}},"type":"if","locations":[{"start":{"line":14,"column":12},"end":{"line":16,"column":13}},{"start":{"line":14,"column":12},"end":{"line":16,"column":13}}],"line":14},"4":{"loc":{"start":{"line":14,"column":16},"end":{"line":14,"column":72}},"type":"binary-expr","locations":[{"start":{"line":14,"column":16},"end":{"line":14,"column":23}},{"start":{"line":14,"column":27},"end":{"line":14,"column":60}},{"start":{"line":14,"column":64},"end":{"line":14,"column":72}}],"line":14},"5":{"loc":{"start":{"line":17,"column":22},"end":{"line":17,"column":41}},"type":"binary-expr","locations":[{"start":{"line":17,"column":22},"end":{"line":17,"column":29}},{"start":{"line":17,"column":33},"end":{"line":17,"column":41}}],"line":17},"6":{"loc":{"start":{"line":20,"column":23},"end":{"line":20,"column":43}},"type":"binary-expr","locations":[{"start":{"line":20,"column":23},"end":{"line":20,"column":27}},{"start":{"line":20,"column":31},"end":{"line":20,"column":43}}],"line":20},"7":{"loc":{"start":{"line":23,"column":11},"end":{"line":78,"column":5}},"type":"if","locations":[{"start":{"line":23,"column":11},"end":{"line":78,"column":5}},{"start":{"line":23,"column":11},"end":{"line":78,"column":5}}],"line":23},"8":{"loc":{"start":{"line":23,"column":15},"end":{"line":23,"column":71}},"type":"binary-expr","locations":[{"start":{"line":23,"column":15},"end":{"line":23,"column":43}},{"start":{"line":23,"column":47},"end":{"line":23,"column":55}},{"start":{"line":23,"column":59},"end":{"line":23,"column":71}}],"line":23},"9":{"loc":{"start":{"line":25,"column":30},"end":{"line":25,"column":75}},"type":"cond-expr","locations":[{"start":{"line":25,"column":45},"end":{"line":25,"column":53}},{"start":{"line":25,"column":56},"end":{"line":25,"column":75}}],"line":25},"10":{"loc":{"start":{"line":25,"column":56},"end":{"line":25,"column":75}},"type":"binary-expr","locations":[{"start":{"line":25,"column":56},"end":{"line":25,"column":64}},{"start":{"line":25,"column":68},"end":{"line":25,"column":75}}],"line":25},"11":{"loc":{"start":{"line":26,"column":18},"end":{"line":26,"column":42}},"type":"binary-expr","locations":[{"start":{"line":26,"column":18},"end":{"line":26,"column":30}},{"start":{"line":26,"column":34},"end":{"line":26,"column":42}}],"line":26},"12":{"loc":{"start":{"line":30,"column":8},"end":{"line":68,"column":9}},"type":"if","locations":[{"start":{"line":30,"column":8},"end":{"line":68,"column":9}},{"start":{"line":30,"column":8},"end":{"line":68,"column":9}}],"line":30},"13":{"loc":{"start":{"line":31,"column":12},"end":{"line":33,"column":13}},"type":"if","locations":[{"start":{"line":31,"column":12},"end":{"line":33,"column":13}},{"start":{"line":31,"column":12},"end":{"line":33,"column":13}}],"line":31},"14":{"loc":{"start":{"line":34,"column":12},"end":{"line":40,"column":13}},"type":"if","locations":[{"start":{"line":34,"column":12},"end":{"line":40,"column":13}},{"start":{"line":34,"column":12},"end":{"line":40,"column":13}}],"line":34},"15":{"loc":{"start":{"line":35,"column":16},"end":{"line":39,"column":17}},"type":"if","locations":[{"start":{"line":35,"column":16},"end":{"line":39,"column":17}},{"start":{"line":35,"column":16},"end":{"line":39,"column":17}}],"line":35},"16":{"loc":{"start":{"line":36,"column":34},"end":{"line":36,"column":51}},"type":"binary-expr","locations":[{"start":{"line":36,"column":34},"end":{"line":36,"column":45}},{"start":{"line":36,"column":49},"end":{"line":36,"column":51}}],"line":36},"17":{"loc":{"start":{"line":37,"column":23},"end":{"line":39,"column":17}},"type":"if","locations":[{"start":{"line":37,"column":23},"end":{"line":39,"column":17}},{"start":{"line":37,"column":23},"end":{"line":39,"column":17}}],"line":37},"18":{"loc":{"start":{"line":41,"column":12},"end":{"line":43,"column":13}},"type":"if","locations":[{"start":{"line":41,"column":12},"end":{"line":43,"column":13}},{"start":{"line":41,"column":12},"end":{"line":43,"column":13}}],"line":41},"19":{"loc":{"start":{"line":41,"column":16},"end":{"line":41,"column":58}},"type":"binary-expr","locations":[{"start":{"line":41,"column":16},"end":{"line":41,"column":31}},{"start":{"line":41,"column":35},"end":{"line":41,"column":58}}],"line":41},"20":{"loc":{"start":{"line":44,"column":12},"end":{"line":46,"column":13}},"type":"if","locations":[{"start":{"line":44,"column":12},"end":{"line":46,"column":13}},{"start":{"line":44,"column":12},"end":{"line":46,"column":13}}],"line":44},"21":{"loc":{"start":{"line":47,"column":12},"end":{"line":49,"column":13}},"type":"if","locations":[{"start":{"line":47,"column":12},"end":{"line":49,"column":13}},{"start":{"line":47,"column":12},"end":{"line":49,"column":13}}],"line":47},"22":{"loc":{"start":{"line":50,"column":12},"end":{"line":63,"column":13}},"type":"if","locations":[{"start":{"line":50,"column":12},"end":{"line":63,"column":13}},{"start":{"line":50,"column":12},"end":{"line":63,"column":13}}],"line":50},"23":{"loc":{"start":{"line":54,"column":20},"end":{"line":60,"column":21}},"type":"if","locations":[{"start":{"line":54,"column":20},"end":{"line":60,"column":21}},{"start":{"line":54,"column":20},"end":{"line":60,"column":21}}],"line":54},"24":{"loc":{"start":{"line":55,"column":24},"end":{"line":59,"column":25}},"type":"if","locations":[{"start":{"line":55,"column":24},"end":{"line":59,"column":25}},{"start":{"line":55,"column":24},"end":{"line":59,"column":25}}],"line":55},"25":{"loc":{"start":{"line":64,"column":15},"end":{"line":68,"column":9}},"type":"if","locations":[{"start":{"line":64,"column":15},"end":{"line":68,"column":9}},{"start":{"line":64,"column":15},"end":{"line":68,"column":9}}],"line":64},"26":{"loc":{"start":{"line":70,"column":11},"end":{"line":78,"column":5}},"type":"if","locations":[{"start":{"line":70,"column":11},"end":{"line":78,"column":5}},{"start":{"line":70,"column":11},"end":{"line":78,"column":5}}],"line":70},"27":{"loc":{"start":{"line":70,"column":15},"end":{"line":70,"column":69}},"type":"binary-expr","locations":[{"start":{"line":70,"column":15},"end":{"line":70,"column":43}},{"start":{"line":70,"column":47},"end":{"line":70,"column":69}}],"line":70},"28":{"loc":{"start":{"line":71,"column":30},"end":{"line":71,"column":49}},"type":"binary-expr","locations":[{"start":{"line":71,"column":30},"end":{"line":71,"column":38}},{"start":{"line":71,"column":42},"end":{"line":71,"column":49}}],"line":71},"29":{"loc":{"start":{"line":72,"column":19},"end":{"line":72,"column":43}},"type":"binary-expr","locations":[{"start":{"line":72,"column":19},"end":{"line":72,"column":31}},{"start":{"line":72,"column":35},"end":{"line":72,"column":43}}],"line":72},"30":{"loc":{"start":{"line":73,"column":8},"end":{"line":73,"column":36}},"type":"if","locations":[{"start":{"line":73,"column":8},"end":{"line":73,"column":36}},{"start":{"line":73,"column":8},"end":{"line":73,"column":36}}],"line":73},"31":{"loc":{"start":{"line":75,"column":8},"end":{"line":77,"column":9}},"type":"if","locations":[{"start":{"line":75,"column":8},"end":{"line":77,"column":9}},{"start":{"line":75,"column":8},"end":{"line":77,"column":9}}],"line":75},"32":{"loc":{"start":{"line":75,"column":12},"end":{"line":75,"column":46}},"type":"binary-expr","locations":[{"start":{"line":75,"column":12},"end":{"line":75,"column":20}},{"start":{"line":75,"column":24},"end":{"line":75,"column":46}}],"line":75}},"s":{"0":11,"1":11,"2":11,"3":66,"4":3,"5":1,"6":2,"7":1,"8":1,"9":2,"10":2,"11":2,"12":63,"13":8,"14":8,"15":8,"16":8,"17":6,"18":1,"19":6,"20":6,"21":5,"22":1,"23":1,"24":6,"25":3,"26":6,"27":6,"28":6,"29":6,"30":6,"31":6,"32":2,"33":2,"34":1,"35":1,"36":1,"37":2,"38":1,"39":1,"40":55,"41":55,"42":55,"43":55,"44":1,"45":55,"46":1,"47":62},"f":{"0":66},"b":{"0":[3,63],"1":[66,63,7],"2":[1,2],"3":[1,1],"4":[2,1,1],"5":[1,1],"6":[2,1],"7":[8,55],"8":[63,56,5],"9":[1,7],"10":[7,7],"11":[8,7],"12":[6,2],"13":[1,5],"14":[6,0],"15":[5,1],"16":[5,5],"17":[1,0],"18":[3,3],"19":[6,4],"20":[6,0],"21":[6,0],"22":[6,0],"23":[2,0],"24":[1,1],"25":[1,1],"26":[55,0],"27":[55,51],"28":[55,51],"29":[55,55],"30":[1,54],"31":[1,54],"32":[55,4]},"_coverageSchema":"43e27e138ebf9cfc5966b082cf9a028302ed4184","hash":"35eb7a46a54c191ac3d6704c91993050d303a835"}
,"/Users/carsonnwright/Projects/gadgeteer/lib/redis/index.js": {"path":"/Users/carsonnwright/Projects/gadgeteer/lib/redis/index.js","statementMap":{"0":{"start":{"line":1,"column":22},"end":{"line":1,"column":38}},"1":{"start":{"line":2,"column":19},"end":{"line":2,"column":41}},"2":{"start":{"line":3,"column":21},"end":{"line":3,"column":46}},"3":{"start":{"line":7,"column":8},"end":{"line":7,"column":61}},"4":{"start":{"line":7,"column":17},"end":{"line":7,"column":61}},"5":{"start":{"line":8,"column":8},"end":{"line":8,"column":65}},"6":{"start":{"line":8,"column":19},"end":{"line":8,"column":65}},"7":{"start":{"line":10,"column":8},"end":{"line":20,"column":10}},"8":{"start":{"line":11,"column":30},"end":{"line":17,"column":13}},"9":{"start":{"line":12,"column":16},"end":{"line":16,"column":17}},"10":{"start":{"line":13,"column":20},"end":{"line":13,"column":31}},"11":{"start":{"line":15,"column":20},"end":{"line":15,"column":33}},"12":{"start":{"line":19,"column":12},"end":{"line":19,"column":63}},"13":{"start":{"line":24,"column":8},"end":{"line":24,"column":61}},"14":{"start":{"line":24,"column":17},"end":{"line":24,"column":61}},"15":{"start":{"line":26,"column":8},"end":{"line":34,"column":10}},"16":{"start":{"line":27,"column":12},"end":{"line":33,"column":14}},"17":{"start":{"line":28,"column":16},"end":{"line":32,"column":17}},"18":{"start":{"line":29,"column":20},"end":{"line":29,"column":31}},"19":{"start":{"line":31,"column":20},"end":{"line":31,"column":33}},"20":{"start":{"line":38,"column":8},"end":{"line":48,"column":9}},"21":{"start":{"line":40,"column":16},"end":{"line":40,"column":59}},"22":{"start":{"line":43,"column":16},"end":{"line":43,"column":69}},"23":{"start":{"line":43,"column":25},"end":{"line":43,"column":69}},"24":{"start":{"line":44,"column":30},"end":{"line":44,"column":49}},"25":{"start":{"line":46,"column":16},"end":{"line":46,"column":40}},"26":{"start":{"line":53,"column":0},"end":{"line":60,"column":1}},"27":{"start":{"line":55,"column":8},"end":{"line":57,"column":9}}},"fnMap":{"0":{"name":"(anonymous_0)","decl":{"start":{"line":6,"column":4},"end":{"line":6,"column":5}},"loc":{"start":{"line":6,"column":29},"end":{"line":21,"column":5}},"line":6},"1":{"name":"(anonymous_1)","decl":{"start":{"line":10,"column":27},"end":{"line":10,"column":28}},"loc":{"start":{"line":10,"column":46},"end":{"line":20,"column":9}},"line":10},"2":{"name":"(anonymous_2)","decl":{"start":{"line":11,"column":30},"end":{"line":11,"column":31}},"loc":{"start":{"line":11,"column":37},"end":{"line":17,"column":13}},"line":11},"3":{"name":"(anonymous_3)","decl":{"start":{"line":23,"column":4},"end":{"line":23,"column":5}},"loc":{"start":{"line":23,"column":12},"end":{"line":35,"column":5}},"line":23},"4":{"name":"(anonymous_4)","decl":{"start":{"line":26,"column":27},"end":{"line":26,"column":28}},"loc":{"start":{"line":26,"column":46},"end":{"line":34,"column":9}},"line":26},"5":{"name":"(anonymous_5)","decl":{"start":{"line":27,"column":27},"end":{"line":27,"column":28}},"loc":{"start":{"line":27,"column":40},"end":{"line":33,"column":13}},"line":27},"6":{"name":"(anonymous_6)","decl":{"start":{"line":37,"column":4},"end":{"line":37,"column":5}},"loc":{"start":{"line":37,"column":14},"end":{"line":49,"column":5}},"line":37},"7":{"name":"(anonymous_7)","decl":{"start":{"line":39,"column":17},"end":{"line":39,"column":18}},"loc":{"start":{"line":39,"column":31},"end":{"line":41,"column":13}},"line":39},"8":{"name":"(anonymous_8)","decl":{"start":{"line":42,"column":17},"end":{"line":42,"column":18}},"loc":{"start":{"line":42,"column":29},"end":{"line":47,"column":13}},"line":42},"9":{"name":"(anonymous_9)","decl":{"start":{"line":54,"column":21},"end":{"line":54,"column":22}},"loc":{"start":{"line":54,"column":29},"end":{"line":58,"column":5}},"line":54}},"branchMap":{"0":{"loc":{"start":{"line":7,"column":8},"end":{"line":7,"column":61}},"type":"if","locations":[{"start":{"line":7,"column":8},"end":{"line":7,"column":61}},{"start":{"line":7,"column":8},"end":{"line":7,"column":61}}],"line":7},"1":{"loc":{"start":{"line":8,"column":8},"end":{"line":8,"column":65}},"type":"if","locations":[{"start":{"line":8,"column":8},"end":{"line":8,"column":65}},{"start":{"line":8,"column":8},"end":{"line":8,"column":65}}],"line":8},"2":{"loc":{"start":{"line":12,"column":16},"end":{"line":16,"column":17}},"type":"if","locations":[{"start":{"line":12,"column":16},"end":{"line":16,"column":17}},{"start":{"line":12,"column":16},"end":{"line":16,"column":17}}],"line":12},"3":{"loc":{"start":{"line":19,"column":41},"end":{"line":19,"column":62}},"type":"binary-expr","locations":[{"start":{"line":19,"column":41},"end":{"line":19,"column":49}},{"start":{"line":19,"column":53},"end":{"line":19,"column":62}}],"line":19},"4":{"loc":{"start":{"line":24,"column":8},"end":{"line":24,"column":61}},"type":"if","locations":[{"start":{"line":24,"column":8},"end":{"line":24,"column":61}},{"start":{"line":24,"column":8},"end":{"line":24,"column":61}}],"line":24},"5":{"loc":{"start":{"line":28,"column":16},"end":{"line":32,"column":17}},"type":"if","locations":[{"start":{"line":28,"column":16},"end":{"line":32,"column":17}},{"start":{"line":28,"column":16},"end":{"line":32,"column":17}}],"line":28},"6":{"loc":{"start":{"line":43,"column":16},"end":{"line":43,"column":69}},"type":"if","locations":[{"start":{"line":43,"column":16},"end":{"line":43,"column":69}},{"start":{"line":43,"column":16},"end":{"line":43,"column":69}}],"line":43}},"s":{"0":10,"1":10,"2":10,"3":18,"4":1,"5":17,"6":1,"7":16,"8":16,"9":16,"10":0,"11":16,"12":16,"13":130,"14":1,"15":129,"16":129,"17":125,"18":1,"19":124,"20":142,"21":15,"22":127,"23":1,"24":126,"25":122,"26":10,"27":51},"f":{"0":18,"1":16,"2":16,"3":130,"4":129,"5":125,"6":142,"7":15,"8":127,"9":51},"b":{"0":[1,17],"1":[1,16],"2":[0,16],"3":[16,16],"4":[1,129],"5":[1,124],"6":[1,126]},"_coverageSchema":"43e27e138ebf9cfc5966b082cf9a028302ed4184","hash":"475e36a32e4a25bd6c8734d9c1bacc5350e2bf40"}
,"/Users/carsonnwright/Projects/gadgeteer/lib/redis/utils.js": {"path":"/Users/carsonnwright/Projects/gadgeteer/lib/redis/utils.js","statementMap":{"0":{"start":{"line":9,"column":4},"end":{"line":15,"column":5}},"1":{"start":{"line":10,"column":8},"end":{"line":10,"column":37}},"2":{"start":{"line":11,"column":8},"end":{"line":13,"column":9}},"3":{"start":{"line":11,"column":21},"end":{"line":11,"column":22}},"4":{"start":{"line":12,"column":12},"end":{"line":12,"column":36}},"5":{"start":{"line":14,"column":8},"end":{"line":14,"column":20}},"6":{"start":{"line":16,"column":4},"end":{"line":35,"column":5}},"7":{"start":{"line":17,"column":8},"end":{"line":17,"column":18}},"8":{"start":{"line":18,"column":20},"end":{"line":18,"column":36}},"9":{"start":{"line":20,"column":8},"end":{"line":33,"column":9}},"10":{"start":{"line":21,"column":12},"end":{"line":24,"column":13}},"11":{"start":{"line":22,"column":16},"end":{"line":22,"column":39}},"12":{"start":{"line":23,"column":16},"end":{"line":23,"column":25}},"13":{"start":{"line":26,"column":29},"end":{"line":26,"column":78}},"14":{"start":{"line":29,"column":12},"end":{"line":31,"column":13}},"15":{"start":{"line":30,"column":16},"end":{"line":30,"column":33}},"16":{"start":{"line":32,"column":12},"end":{"line":32,"column":48}},"17":{"start":{"line":34,"column":8},"end":{"line":34,"column":20}},"18":{"start":{"line":36,"column":4},"end":{"line":36,"column":15}},"19":{"start":{"line":40,"column":4},"end":{"line":40,"column":22}},"20":{"start":{"line":41,"column":4},"end":{"line":41,"column":27}},"21":{"start":{"line":42,"column":4},"end":{"line":44,"column":5}},"22":{"start":{"line":43,"column":8},"end":{"line":43,"column":30}},"23":{"start":{"line":45,"column":4},"end":{"line":45,"column":15}},"24":{"start":{"line":49,"column":0},"end":{"line":53,"column":2}}},"fnMap":{"0":{"name":"clone","decl":{"start":{"line":7,"column":9},"end":{"line":7,"column":14}},"loc":{"start":{"line":7,"column":21},"end":{"line":37,"column":1}},"line":7},"1":{"name":"convenienceClone","decl":{"start":{"line":39,"column":9},"end":{"line":39,"column":25}},"loc":{"start":{"line":39,"column":32},"end":{"line":46,"column":1}},"line":39}},"branchMap":{"0":{"loc":{"start":{"line":9,"column":4},"end":{"line":15,"column":5}},"type":"if","locations":[{"start":{"line":9,"column":4},"end":{"line":15,"column":5}},{"start":{"line":9,"column":4},"end":{"line":15,"column":5}}],"line":9},"1":{"loc":{"start":{"line":16,"column":4},"end":{"line":35,"column":5}},"type":"if","locations":[{"start":{"line":16,"column":4},"end":{"line":35,"column":5}},{"start":{"line":16,"column":4},"end":{"line":35,"column":5}}],"line":16},"2":{"loc":{"start":{"line":21,"column":12},"end":{"line":24,"column":13}},"type":"if","locations":[{"start":{"line":21,"column":12},"end":{"line":24,"column":13}},{"start":{"line":21,"column":12},"end":{"line":24,"column":13}}],"line":21},"3":{"loc":{"start":{"line":29,"column":12},"end":{"line":31,"column":13}},"type":"if","locations":[{"start":{"line":29,"column":12},"end":{"line":31,"column":13}},{"start":{"line":29,"column":12},"end":{"line":31,"column":13}}],"line":29},"4":{"loc":{"start":{"line":41,"column":10},"end":{"line":41,"column":26}},"type":"binary-expr","locations":[{"start":{"line":41,"column":10},"end":{"line":41,"column":20}},{"start":{"line":41,"column":24},"end":{"line":41,"column":26}}],"line":41},"5":{"loc":{"start":{"line":42,"column":4},"end":{"line":44,"column":5}},"type":"if","locations":[{"start":{"line":42,"column":4},"end":{"line":44,"column":5}},{"start":{"line":42,"column":4},"end":{"line":44,"column":5}}],"line":42}},"s":{"0":71,"1":1,"2":1,"3":1,"4":1,"5":1,"6":70,"7":6,"8":6,"9":6,"10":6,"11":1,"12":1,"13":5,"14":5,"15":1,"16":5,"17":6,"18":64,"19":65,"20":65,"21":65,"22":1,"23":65,"24":11},"f":{"0":71,"1":65},"b":{"0":[1,70],"1":[6,64],"2":[1,5],"3":[1,4],"4":[65,59],"5":[1,64]},"_coverageSchema":"43e27e138ebf9cfc5966b082cf9a028302ed4184","hash":"6f7eda26a76566a066fec94eb67b3aa001211b17"}
}
