TN:
SF:/Users/carsonnwright/Projects/longtrail/lib/index.js
FN:12,(anonymous_0)
FNF:1
FNH:1
FNDA:51,(anonymous_0)
DA:1,10
DA:2,10
DA:3,10
DA:4,10
DA:5,10
DA:6,10
DA:7,10
DA:8,10
DA:11,10
DA:13,51
DA:14,51
DA:15,51
DA:16,51
DA:17,51
DA:18,51
DA:19,51
DA:20,51
DA:21,51
DA:22,51
LF:19
LH:19
BRF:0
BRH:0
end_of_record
TN:
SF:/Users/carsonnwright/Projects/longtrail/lib/router.js
FN:5,(anonymous_0)
FN:8,(anonymous_1)
FN:24,(anonymous_2)
FN:25,(anonymous_3)
FN:30,(anonymous_4)
FN:31,(anonymous_5)
FN:36,(anonymous_6)
FN:37,(anonymous_7)
FN:42,(anonymous_8)
FN:43,(anonymous_9)
FN:50,(anonymous_10)
FN:53,(anonymous_11)
FN:58,(anonymous_12)
FN:64,(anonymous_13)
FN:67,(anonymous_14)
FN:70,(anonymous_15)
FN:73,(anonymous_16)
FN:78,(anonymous_17)
FN:78,(anonymous_18)
FN:88,(anonymous_19)
FN:94,(anonymous_20)
FN:100,(anonymous_21)
FN:106,(anonymous_22)
FN:112,(anonymous_23)
FN:118,(anonymous_24)
FN:123,(anonymous_25)
FN:131,(anonymous_26)
FN:134,(anonymous_27)
FN:137,(anonymous_28)
FN:140,(anonymous_29)
FN:145,(anonymous_30)
FN:148,(anonymous_31)
FNF:32
FNH:7
FNDA:51,(anonymous_0)
FNDA:1,(anonymous_1)
FNDA:0,(anonymous_2)
FNDA:0,(anonymous_3)
FNDA:0,(anonymous_4)
FNDA:0,(anonymous_5)
FNDA:0,(anonymous_6)
FNDA:0,(anonymous_7)
FNDA:0,(anonymous_8)
FNDA:0,(anonymous_9)
FNDA:0,(anonymous_10)
FNDA:0,(anonymous_11)
FNDA:0,(anonymous_12)
FNDA:0,(anonymous_13)
FNDA:0,(anonymous_14)
FNDA:0,(anonymous_15)
FNDA:0,(anonymous_16)
FNDA:1,(anonymous_17)
FNDA:1,(anonymous_18)
FNDA:0,(anonymous_19)
FNDA:1,(anonymous_20)
FNDA:0,(anonymous_21)
FNDA:0,(anonymous_22)
FNDA:0,(anonymous_23)
FNDA:0,(anonymous_24)
FNDA:0,(anonymous_25)
FNDA:0,(anonymous_26)
FNDA:0,(anonymous_27)
FNDA:0,(anonymous_28)
FNDA:0,(anonymous_29)
FNDA:1,(anonymous_30)
FNDA:1,(anonymous_31)
DA:1,10
DA:2,10
DA:4,10
DA:6,51
DA:8,51
DA:9,1
DA:10,1
DA:12,1
DA:13,1
DA:15,0
DA:16,0
DA:17,0
DA:22,51
DA:25,0
DA:26,0
DA:27,0
DA:31,0
DA:32,0
DA:33,0
DA:37,0
DA:38,0
DA:39,0
DA:43,0
DA:44,0
DA:45,0
DA:50,51
DA:51,0
DA:53,0
DA:54,0
DA:56,0
DA:58,0
DA:59,0
DA:63,0
DA:65,0
DA:68,0
DA:71,0
DA:74,0
DA:78,51
DA:79,1
DA:81,1
DA:82,0
DA:83,0
DA:87,1
DA:88,0
DA:89,0
DA:93,1
DA:94,1
DA:95,1
DA:99,1
DA:100,0
DA:101,0
DA:105,1
DA:106,0
DA:107,0
DA:111,1
DA:112,0
DA:113,0
DA:118,1
DA:119,0
DA:121,0
DA:123,0
DA:124,0
DA:128,1
DA:130,1
DA:132,0
DA:135,0
DA:138,0
DA:141,0
DA:145,51
DA:146,1
DA:148,51
DA:149,1
DA:151,51
LF:73
LH:29
BRDA:6,0,0,51
BRDA:6,0,1,51
BRDA:12,1,0,1
BRDA:12,1,1,0
BRDA:15,2,0,0
BRDA:15,2,1,0
BRDA:26,3,0,0
BRDA:26,3,1,0
BRDA:26,4,0,0
BRDA:26,4,1,0
BRDA:32,5,0,0
BRDA:32,5,1,0
BRDA:32,6,0,0
BRDA:32,6,1,0
BRDA:38,7,0,0
BRDA:38,7,1,0
BRDA:38,8,0,0
BRDA:38,8,1,0
BRDA:44,9,0,0
BRDA:44,9,1,0
BRDA:44,10,0,0
BRDA:44,10,1,0
BRDA:51,11,0,0
BRDA:51,11,1,0
BRDA:54,12,0,0
BRDA:54,12,1,0
BRDA:56,13,0,0
BRDA:56,13,1,0
BRDA:56,14,0,0
BRDA:56,14,1,0
BRDA:78,15,0,0
BRDA:78,16,0,1
BRDA:79,17,0,0
BRDA:79,17,1,1
BRDA:81,18,0,0
BRDA:81,18,1,1
BRDA:87,19,0,0
BRDA:87,19,1,1
BRDA:93,20,0,1
BRDA:93,20,1,0
BRDA:99,21,0,0
BRDA:99,21,1,1
BRDA:105,22,0,0
BRDA:105,22,1,1
BRDA:111,23,0,0
BRDA:111,23,1,1
BRDA:119,24,0,0
BRDA:119,24,1,0
BRDA:121,25,0,0
BRDA:121,25,1,0
BRDA:121,26,0,0
BRDA:121,26,1,0
BRDA:128,27,0,0
BRDA:128,27,1,1
BRF:54
BRH:12
end_of_record
TN:
SF:/Users/carsonnwright/Projects/longtrail/lib/store.js
FN:2,(anonymous_0)
FN:4,(anonymous_1)
FN:7,(anonymous_2)
FN:12,(anonymous_3)
FN:18,(anonymous_4)
FN:21,(anonymous_5)
FNF:6
FNH:6
FNDA:51,(anonymous_0)
FNDA:2,(anonymous_1)
FNDA:2,(anonymous_2)
FNDA:2,(anonymous_3)
FNDA:2,(anonymous_4)
FNDA:2,(anonymous_5)
DA:1,10
DA:3,51
DA:5,2
DA:8,2
DA:10,1
DA:13,2
DA:15,1
DA:19,2
DA:22,2
LF:9
LH:9
BRDA:8,0,0,1
BRDA:8,0,1,1
BRDA:13,1,0,1
BRDA:13,1,1,1
BRF:4
BRH:4
end_of_record
TN:
SF:/Users/carsonnwright/Projects/longtrail/lib/controller/example.js
FN:8,(anonymous_0)
FN:11,(anonymous_1)
FN:17,(anonymous_2)
FN:23,(anonymous_3)
FN:29,(anonymous_4)
FN:36,(anonymous_5)
FNF:6
FNH:0
FNDA:0,(anonymous_0)
FNDA:0,(anonymous_1)
FNDA:0,(anonymous_2)
FNDA:0,(anonymous_3)
FNDA:0,(anonymous_4)
FNDA:0,(anonymous_5)
DA:1,0
DA:2,0
DA:3,0
DA:5,0
DA:9,0
DA:12,0
DA:18,0
DA:24,0
DA:30,0
DA:31,0
DA:37,0
DA:38,0
DA:39,0
DA:41,0
DA:47,0
DA:54,0
LF:16
LH:0
BRF:0
BRH:0
end_of_record
TN:
SF:/Users/carsonnwright/Projects/longtrail/lib/controller/generate.js
FN:6,(anonymous_0)
FNF:1
FNH:0
FNDA:0,(anonymous_0)
DA:1,0
DA:2,0
DA:3,0
DA:4,0
DA:6,0
DA:7,0
DA:9,0
DA:10,0
DA:11,0
DA:12,0
DA:16,0
DA:17,0
DA:19,0
DA:21,0
DA:23,0
DA:24,0
DA:25,0
DA:28,0
DA:35,0
DA:37,0
DA:38,0
DA:39,0
DA:41,0
LF:23
LH:0
BRDA:16,0,0,0
BRDA:16,0,1,0
BRDA:21,1,0,0
BRDA:21,1,1,0
BRDA:23,2,0,0
BRDA:23,2,1,0
BRDA:37,3,0,0
BRDA:37,3,1,0
BRF:8
BRH:0
end_of_record
TN:
SF:/Users/carsonnwright/Projects/longtrail/lib/controller/index.js
FN:4,(anonymous_0)
FN:12,(anonymous_1)
FN:14,(anonymous_2)
FN:29,(anonymous_3)
FN:32,(anonymous_4)
FN:73,(anonymous_5)
FN:77,(anonymous_6)
FN:81,(anonymous_7)
FN:85,(anonymous_8)
FN:89,(anonymous_9)
FNF:10
FNH:0
FNDA:0,(anonymous_0)
FNDA:0,(anonymous_1)
FNDA:0,(anonymous_2)
FNDA:0,(anonymous_3)
FNDA:0,(anonymous_4)
FNDA:0,(anonymous_5)
FNDA:0,(anonymous_6)
FNDA:0,(anonymous_7)
FNDA:0,(anonymous_8)
FNDA:0,(anonymous_9)
DA:1,0
DA:2,0
DA:4,0
DA:5,0
DA:6,0
DA:8,0
DA:11,0
DA:15,0
DA:17,0
DA:18,0
DA:19,0
DA:20,0
DA:21,0
DA:22,0
DA:23,0
DA:30,0
DA:33,0
DA:34,0
DA:37,0
DA:39,0
DA:40,0
DA:41,0
DA:44,0
DA:45,0
DA:48,0
DA:49,0
DA:50,0
DA:51,0
DA:54,0
DA:55,0
DA:58,0
DA:61,0
DA:62,0
DA:64,0
DA:65,0
DA:66,0
DA:68,0
DA:69,0
DA:74,0
DA:78,0
DA:82,0
DA:86,0
DA:90,0
DA:94,0
LF:44
LH:0
BRDA:6,0,0,0
BRDA:6,0,1,0
BRDA:19,1,0,0
BRDA:19,1,1,0
BRDA:25,2,0,0
BRDA:25,2,1,0
BRDA:32,3,0,0
BRDA:33,4,0,0
BRDA:33,4,1,0
BRDA:37,5,0,0
BRDA:37,5,1,0
BRDA:39,6,0,0
BRDA:39,6,1,0
BRDA:44,7,0,0
BRDA:44,7,1,0
BRDA:48,8,0,0
BRDA:48,8,1,0
BRDA:50,9,0,0
BRDA:50,9,1,0
BRDA:54,10,0,0
BRDA:54,10,1,0
BRDA:54,11,0,0
BRDA:54,11,1,0
BRDA:64,12,0,0
BRDA:64,12,1,0
BRF:25
BRH:0
end_of_record
TN:
SF:/Users/carsonnwright/Projects/longtrail/lib/db/index.js
FN:3,(anonymous_0)
FNF:1
FNH:1
FNDA:51,(anonymous_0)
DA:1,10
DA:2,10
DA:4,51
DA:8,51
LF:4
LH:4
BRF:0
BRH:0
end_of_record
TN:
SF:/Users/carsonnwright/Projects/longtrail/lib/logger/broker.js
FN:5,(anonymous_0)
FN:8,(anonymous_1)
FN:11,(anonymous_2)
FN:14,(anonymous_3)
FN:19,(anonymous_4)
FN:25,(anonymous_5)
FN:31,(anonymous_6)
FN:37,(anonymous_7)
FN:43,(anonymous_8)
FN:50,(anonymous_9)
FNF:10
FNH:10
FNDA:51,(anonymous_0)
FNDA:10,(anonymous_1)
FNDA:10,(anonymous_2)
FNDA:1,(anonymous_3)
FNDA:1,(anonymous_4)
FNDA:1,(anonymous_5)
FNDA:4,(anonymous_6)
FNDA:1,(anonymous_7)
FNDA:1,(anonymous_8)
FNDA:3,(anonymous_9)
DA:2,10
DA:4,10
DA:6,51
DA:9,10
DA:12,10
DA:15,1
DA:16,1
DA:20,1
DA:21,1
DA:26,1
DA:27,1
DA:32,4
DA:33,4
DA:38,1
DA:39,1
DA:44,1
DA:45,1
DA:51,3
DA:55,51
LF:19
LH:19
BRDA:6,0,0,51
BRDA:6,0,1,51
BRDA:15,1,0,1
BRDA:15,1,1,0
BRDA:20,2,0,1
BRDA:20,2,1,0
BRDA:26,3,0,1
BRDA:26,3,1,0
BRDA:32,4,0,4
BRDA:32,4,1,0
BRDA:38,5,0,1
BRDA:38,5,1,0
BRDA:44,6,0,1
BRDA:44,6,1,0
BRF:14
BRH:8
end_of_record
TN:
SF:/Users/carsonnwright/Projects/longtrail/lib/logger/index.js
FN:5,(anonymous_0)
FN:7,(anonymous_1)
FN:18,(anonymous_2)
FN:23,(anonymous_3)
FN:25,(anonymous_4)
FN:28,(anonymous_5)
FN:31,(anonymous_6)
FN:36,(anonymous_7)
FN:43,(anonymous_8)
FN:53,(anonymous_9)
FN:62,(anonymous_10)
FN:71,(anonymous_11)
FN:80,(anonymous_12)
FNF:13
FNH:13
FNDA:6,(anonymous_0)
FNDA:1,(anonymous_1)
FNDA:7,(anonymous_2)
FNDA:51,(anonymous_3)
FNDA:7,(anonymous_4)
FNDA:5,(anonymous_5)
FNDA:1,(anonymous_6)
FNDA:1,(anonymous_7)
FNDA:1,(anonymous_8)
FNDA:1,(anonymous_9)
FNDA:1,(anonymous_10)
FNDA:1,(anonymous_11)
FNDA:1,(anonymous_12)
DA:1,10
DA:2,10
DA:3,10
DA:5,10
DA:6,6
DA:7,1
DA:8,1
DA:10,5
DA:13,6
DA:18,10
DA:19,7
DA:22,10
DA:26,7
DA:29,5
DA:32,1
DA:34,1
DA:37,1
DA:38,1
DA:44,1
DA:45,1
DA:46,1
DA:54,1
DA:55,1
DA:56,1
DA:63,1
DA:64,1
DA:65,1
DA:72,1
DA:73,1
DA:74,1
DA:81,1
DA:82,1
DA:83,1
DA:91,51
DA:92,51
DA:94,51
LF:36
LH:36
BRDA:6,0,0,1
BRDA:6,0,1,5
BRDA:10,1,0,0
BRDA:10,1,1,5
BRDA:10,2,0,5
BRDA:10,2,1,0
BRDA:43,3,0,0
BRDA:45,4,0,1
BRDA:45,4,1,0
BRDA:53,5,0,0
BRDA:55,6,0,1
BRDA:55,6,1,0
BRDA:62,7,0,0
BRDA:64,8,0,1
BRDA:64,8,1,0
BRDA:71,9,0,0
BRDA:73,10,0,1
BRDA:73,10,1,0
BRDA:80,11,0,0
BRDA:82,12,0,1
BRDA:82,12,1,0
BRF:21
BRH:9
end_of_record
TN:
SF:/Users/carsonnwright/Projects/longtrail/lib/messenger/index.js
FN:7,(anonymous_0)
FN:9,(anonymous_1)
FN:11,(anonymous_2)
FN:14,(anonymous_3)
FN:35,(anonymous_4)
FN:46,(anonymous_5)
FN:56,(anonymous_6)
FN:58,(anonymous_7)
FN:85,(anonymous_8)
FN:87,(anonymous_9)
FNF:10
FNH:0
FNDA:0,(anonymous_0)
FNDA:0,(anonymous_1)
FNDA:0,(anonymous_2)
FNDA:0,(anonymous_3)
FNDA:0,(anonymous_4)
FNDA:0,(anonymous_5)
FNDA:0,(anonymous_6)
FNDA:0,(anonymous_7)
FNDA:0,(anonymous_8)
FNDA:0,(anonymous_9)
DA:1,0
DA:2,0
DA:3,0
DA:4,0
DA:6,0
DA:10,0
DA:12,0
DA:14,0
DA:15,0
DA:17,0
DA:18,0
DA:19,0
DA:20,0
DA:21,0
DA:22,0
DA:23,0
DA:24,0
DA:26,0
DA:28,0
DA:31,0
DA:35,0
DA:36,0
DA:41,0
DA:47,0
DA:48,0
DA:57,0
DA:60,0
DA:62,0
DA:63,0
DA:64,0
DA:65,0
DA:66,0
DA:67,0
DA:68,0
DA:70,0
DA:75,0
DA:86,0
DA:88,0
DA:97,0
LF:39
LH:0
BRDA:12,0,0,0
BRDA:12,0,1,0
BRDA:47,1,0,0
BRDA:47,1,1,0
BRDA:60,2,0,0
BRDA:60,2,1,0
BRF:6
BRH:0
end_of_record
TN:
SF:/Users/carsonnwright/Projects/longtrail/lib/migration/example.js
FN:4,(anonymous_0)
FN:7,(anonymous_1)
FNF:2
FNH:0
FNDA:0,(anonymous_0)
FNDA:0,(anonymous_1)
DA:1,0
DA:12,0
LF:2
LH:0
BRF:0
BRH:0
end_of_record
TN:
SF:/Users/carsonnwright/Projects/longtrail/lib/migration/generate.js
FN:5,(anonymous_0)
FNF:1
FNH:0
FNDA:0,(anonymous_0)
DA:1,0
DA:2,0
DA:3,0
DA:5,0
DA:6,0
DA:7,0
DA:9,0
DA:11,0
DA:13,0
DA:14,0
DA:16,0
LF:11
LH:0
BRDA:13,0,0,0
BRDA:13,0,1,0
BRF:2
BRH:0
end_of_record
TN:
SF:/Users/carsonnwright/Projects/longtrail/lib/migration/index.js
FN:2,(anonymous_0)
FN:4,(anonymous_1)
FN:10,(anonymous_2)
FN:17,(anonymous_3)
FN:23,(anonymous_4)
FN:35,(anonymous_5)
FN:39,(anonymous_6)
FN:48,(anonymous_7)
FN:71,(anonymous_8)
FN:75,(anonymous_9)
FN:79,(anonymous_10)
FN:83,(anonymous_11)
FN:86,(anonymous_12)
FN:98,(anonymous_13)
FN:99,(anonymous_14)
FN:104,(anonymous_15)
FN:105,(anonymous_16)
FN:116,(anonymous_17)
FN:120,(anonymous_18)
FN:127,(anonymous_19)
FN:131,(anonymous_20)
FN:138,(anonymous_21)
FN:141,(anonymous_22)
FN:152,(anonymous_23)
FN:156,(anonymous_24)
FN:167,(anonymous_25)
FN:170,(anonymous_26)
FN:178,(anonymous_27)
FN:181,(anonymous_28)
FN:184,(anonymous_29)
FN:186,(anonymous_30)
FN:189,(anonymous_31)
FNF:32
FNH:18
FNDA:51,(anonymous_0)
FNDA:8,(anonymous_1)
FNDA:8,(anonymous_2)
FNDA:6,(anonymous_3)
FNDA:5,(anonymous_4)
FNDA:2,(anonymous_5)
FNDA:3,(anonymous_6)
FNDA:1,(anonymous_7)
FNDA:1,(anonymous_8)
FNDA:0,(anonymous_9)
FNDA:0,(anonymous_10)
FNDA:0,(anonymous_11)
FNDA:0,(anonymous_12)
FNDA:0,(anonymous_13)
FNDA:0,(anonymous_14)
FNDA:3,(anonymous_15)
FNDA:3,(anonymous_16)
FNDA:3,(anonymous_17)
FNDA:3,(anonymous_18)
FNDA:0,(anonymous_19)
FNDA:0,(anonymous_20)
FNDA:0,(anonymous_21)
FNDA:0,(anonymous_22)
FNDA:0,(anonymous_23)
FNDA:0,(anonymous_24)
FNDA:12,(anonymous_25)
FNDA:6,(anonymous_26)
FNDA:0,(anonymous_27)
FNDA:0,(anonymous_28)
FNDA:7,(anonymous_29)
FNDA:8,(anonymous_30)
FNDA:8,(anonymous_31)
DA:1,10
DA:5,8
DA:6,8
DA:7,8
DA:8,8
DA:11,8
DA:12,8
DA:13,8
DA:14,8
DA:18,6
DA:20,6
DA:21,1
DA:23,5
DA:24,5
DA:25,5
DA:26,5
DA:27,5
DA:28,5
DA:29,5
DA:30,5
DA:36,2
DA:40,3
DA:45,3
DA:49,1
DA:50,1
DA:51,1
DA:53,1
DA:54,1
DA:55,3
DA:56,3
DA:57,0
DA:59,3
DA:62,3
DA:63,0
DA:65,3
DA:67,1
DA:68,1
DA:72,1
DA:76,0
DA:80,0
DA:84,0
DA:85,0
DA:86,0
DA:87,0
DA:88,0
DA:90,0
DA:94,0
DA:99,0
DA:100,0
DA:105,3
DA:107,3
DA:108,2
DA:110,1
DA:113,3
DA:117,3
DA:119,3
DA:120,3
DA:121,3
DA:124,0
DA:128,0
DA:130,0
DA:131,0
DA:132,0
DA:135,0
DA:139,0
DA:140,0
DA:141,0
DA:142,0
DA:143,0
DA:145,0
DA:149,0
DA:153,0
DA:155,0
DA:156,0
DA:157,0
DA:158,0
DA:160,0
DA:164,0
DA:168,12
DA:171,6
DA:172,6
DA:173,5
DA:175,1
DA:179,0
DA:182,0
DA:185,7
DA:187,8
DA:190,8
DA:196,51
LF:89
LH:54
BRDA:20,0,0,1
BRDA:20,0,1,5
BRDA:48,1,0,1
BRDA:50,2,0,1
BRDA:50,2,1,0
BRDA:50,3,0,1
BRDA:50,3,1,1
BRDA:56,4,0,0
BRDA:56,4,1,3
BRDA:56,5,0,3
BRDA:56,5,1,0
BRDA:62,6,0,0
BRDA:62,6,1,3
BRDA:85,7,0,0
BRDA:85,7,1,0
BRDA:87,8,0,0
BRDA:87,8,1,0
BRDA:107,9,0,2
BRDA:107,9,1,1
BRDA:113,10,0,1
BRDA:113,10,1,2
BRDA:119,11,0,3
BRDA:119,11,1,0
BRDA:130,12,0,0
BRDA:130,12,1,0
BRDA:140,13,0,0
BRDA:140,13,1,0
BRDA:142,14,0,0
BRDA:142,14,1,0
BRDA:155,15,0,0
BRDA:155,15,1,0
BRDA:157,16,0,0
BRDA:157,16,1,0
BRDA:172,17,0,5
BRDA:172,17,1,1
BRF:35
BRH:16
end_of_record
TN:
SF:/Users/carsonnwright/Projects/longtrail/lib/model/example.js
FN:4,(anonymous_0)
FNF:1
FNH:0
FNDA:0,(anonymous_0)
DA:1,0
DA:5,0
DA:8,0
LF:3
LH:0
BRF:0
BRH:0
end_of_record
TN:
SF:/Users/carsonnwright/Projects/longtrail/lib/model/generate.js
FN:6,(anonymous_0)
FNF:1
FNH:0
FNDA:0,(anonymous_0)
DA:1,0
DA:2,0
DA:3,0
DA:4,0
DA:6,0
DA:7,0
DA:8,0
DA:9,0
DA:15,0
DA:17,0
DA:18,0
DA:20,0
LF:12
LH:0
BRDA:17,0,0,0
BRDA:17,0,1,0
BRF:2
BRH:0
end_of_record
TN:
SF:/Users/carsonnwright/Projects/longtrail/lib/model/index.js
FN:6,(anonymous_0)
FN:17,(anonymous_1)
FN:18,(anonymous_2)
FN:23,(anonymous_3)
FN:32,(anonymous_4)
FN:35,(anonymous_5)
FN:39,(anonymous_6)
FN:44,(anonymous_7)
FN:53,(anonymous_8)
FN:69,(anonymous_9)
FN:76,(anonymous_10)
FN:79,(anonymous_11)
FN:82,(anonymous_12)
FN:85,(anonymous_13)
FN:103,(anonymous_14)
FN:120,(anonymous_15)
FN:124,(anonymous_16)
FN:129,(anonymous_17)
FN:135,(anonymous_18)
FN:142,(anonymous_19)
FN:149,(anonymous_20)
FN:158,(anonymous_21)
FN:167,(anonymous_22)
FN:174,(anonymous_23)
FN:182,(anonymous_24)
FN:190,(anonymous_25)
FN:194,(anonymous_26)
FN:197,(anonymous_27)
FN:200,(anonymous_28)
FN:204,(anonymous_29)
FN:206,(anonymous_30)
FN:211,(anonymous_31)
FN:219,(anonymous_32)
FN:222,(anonymous_33)
FN:227,(anonymous_34)
FN:230,(anonymous_35)
FN:235,(anonymous_36)
FN:240,(anonymous_37)
FN:243,(anonymous_38)
FN:246,(anonymous_39)
FN:252,(anonymous_40)
FN:256,(anonymous_41)
FN:261,(anonymous_42)
FN:274,(anonymous_43)
FN:277,(anonymous_44)
FN:280,(anonymous_45)
FN:292,(anonymous_46)
FN:296,(anonymous_47)
FN:303,(anonymous_48)
FN:309,(anonymous_49)
FN:310,(anonymous_50)
FN:315,(anonymous_51)
FN:320,(anonymous_52)
FN:324,(anonymous_53)
FN:331,(anonymous_54)
FN:341,(anonymous_55)
FN:342,(anonymous_56)
FN:347,(anonymous_57)
FN:354,(anonymous_58)
FN:362,(anonymous_59)
FN:373,(anonymous_60)
FN:378,(anonymous_61)
FN:379,(anonymous_62)
FN:383,(anonymous_63)
FN:389,(anonymous_64)
FN:395,(anonymous_65)
FN:399,(anonymous_66)
FN:405,(anonymous_67)
FN:410,(anonymous_68)
FN:411,(anonymous_69)
FN:421,(anonymous_70)
FN:425,(anonymous_71)
FN:450,(anonymous_72)
FN:458,(anonymous_73)
FN:464,(anonymous_74)
FN:470,(anonymous_75)
FN:476,(anonymous_76)
FN:483,(anonymous_77)
FN:491,(anonymous_78)
FN:501,(anonymous_79)
FN:519,(anonymous_80)
FN:520,(anonymous_81)
FN:525,(anonymous_82)
FN:526,(anonymous_83)
FN:531,(anonymous_84)
FN:542,(anonymous_85)
FN:550,(anonymous_86)
FNF:87
FNH:13
FNDA:51,(anonymous_0)
FNDA:8,(anonymous_1)
FNDA:8,(anonymous_2)
FNDA:2558,(anonymous_3)
FNDA:0,(anonymous_4)
FNDA:6,(anonymous_5)
FNDA:0,(anonymous_6)
FNDA:0,(anonymous_7)
FNDA:0,(anonymous_8)
FNDA:5125,(anonymous_9)
FNDA:8,(anonymous_10)
FNDA:1,(anonymous_11)
FNDA:0,(anonymous_12)
FNDA:7,(anonymous_13)
FNDA:0,(anonymous_14)
FNDA:5,(anonymous_15)
FNDA:4,(anonymous_16)
FNDA:1,(anonymous_17)
FNDA:0,(anonymous_18)
FNDA:0,(anonymous_19)
FNDA:0,(anonymous_20)
FNDA:0,(anonymous_21)
FNDA:1,(anonymous_22)
FNDA:0,(anonymous_23)
FNDA:0,(anonymous_24)
FNDA:0,(anonymous_25)
FNDA:0,(anonymous_26)
FNDA:0,(anonymous_27)
FNDA:0,(anonymous_28)
FNDA:0,(anonymous_29)
FNDA:0,(anonymous_30)
FNDA:0,(anonymous_31)
FNDA:0,(anonymous_32)
FNDA:0,(anonymous_33)
FNDA:0,(anonymous_34)
FNDA:0,(anonymous_35)
FNDA:0,(anonymous_36)
FNDA:0,(anonymous_37)
FNDA:0,(anonymous_38)
FNDA:0,(anonymous_39)
FNDA:0,(anonymous_40)
FNDA:0,(anonymous_41)
FNDA:0,(anonymous_42)
FNDA:0,(anonymous_43)
FNDA:0,(anonymous_44)
FNDA:0,(anonymous_45)
FNDA:0,(anonymous_46)
FNDA:0,(anonymous_47)
FNDA:0,(anonymous_48)
FNDA:0,(anonymous_49)
FNDA:0,(anonymous_50)
FNDA:0,(anonymous_51)
FNDA:0,(anonymous_52)
FNDA:0,(anonymous_53)
FNDA:0,(anonymous_54)
FNDA:0,(anonymous_55)
FNDA:0,(anonymous_56)
FNDA:0,(anonymous_57)
FNDA:0,(anonymous_58)
FNDA:0,(anonymous_59)
FNDA:0,(anonymous_60)
FNDA:0,(anonymous_61)
FNDA:0,(anonymous_62)
FNDA:0,(anonymous_63)
FNDA:0,(anonymous_64)
FNDA:0,(anonymous_65)
FNDA:0,(anonymous_66)
FNDA:0,(anonymous_67)
FNDA:0,(anonymous_68)
FNDA:0,(anonymous_69)
FNDA:0,(anonymous_70)
FNDA:0,(anonymous_71)
FNDA:0,(anonymous_72)
FNDA:0,(anonymous_73)
FNDA:0,(anonymous_74)
FNDA:0,(anonymous_75)
FNDA:0,(anonymous_76)
FNDA:0,(anonymous_77)
FNDA:0,(anonymous_78)
FNDA:0,(anonymous_79)
FNDA:0,(anonymous_80)
FNDA:0,(anonymous_81)
FNDA:0,(anonymous_82)
FNDA:0,(anonymous_83)
FNDA:0,(anonymous_84)
FNDA:0,(anonymous_85)
FNDA:0,(anonymous_86)
DA:1,10
DA:2,10
DA:5,10
DA:7,51
DA:8,51
DA:9,51
DA:10,51
DA:14,51
DA:18,8
DA:19,8
DA:21,8
DA:22,7
DA:24,2558
DA:28,1
DA:37,6
DA:40,0
DA:42,0
DA:45,0
DA:47,0
DA:48,0
DA:51,0
DA:54,0
DA:56,0
DA:57,0
DA:60,0
DA:63,0
DA:70,5125
DA:72,5125
DA:73,17962
DA:77,8
DA:80,1
DA:83,0
DA:87,7
DA:88,7
DA:89,7
DA:90,7
DA:91,7
DA:92,7
DA:94,7
DA:96,7
DA:97,7
DA:101,7
DA:105,0
DA:106,0
DA:107,0
DA:108,0
DA:109,0
DA:111,0
DA:113,0
DA:114,0
DA:118,0
DA:121,5
DA:122,5
DA:125,4
DA:127,4
DA:130,1
DA:133,1
DA:136,0
DA:140,0
DA:143,0
DA:144,0
DA:146,0
DA:150,0
DA:152,0
DA:153,0
DA:155,0
DA:159,0
DA:161,0
DA:162,0
DA:164,0
DA:168,1
DA:169,1
DA:170,1
DA:172,1
DA:175,0
DA:176,0
DA:178,0
DA:179,0
DA:183,0
DA:184,0
DA:186,0
DA:187,0
DA:191,0
DA:192,0
DA:195,0
DA:198,0
DA:200,0
DA:201,0
DA:204,0
DA:206,0
DA:207,0
DA:211,0
DA:212,0
DA:214,0
DA:220,0
DA:221,0
DA:222,0
DA:223,0
DA:226,0
DA:228,0
DA:231,0
DA:236,0
DA:237,0
DA:239,0
DA:241,0
DA:244,0
DA:247,0
DA:248,0
DA:250,0
DA:253,0
DA:254,0
DA:257,0
DA:262,0
DA:263,0
DA:264,0
DA:265,0
DA:267,0
DA:268,0
DA:270,0
DA:271,0
DA:273,0
DA:275,0
DA:278,0
DA:281,0
DA:283,0
DA:284,0
DA:285,0
DA:286,0
DA:287,0
DA:290,0
DA:293,0
DA:294,0
DA:297,0
DA:299,0
DA:304,0
DA:305,0
DA:306,0
DA:308,0
DA:310,0
DA:311,0
DA:316,0
DA:317,0
DA:318,0
DA:321,0
DA:322,0
DA:325,0
DA:326,0
DA:332,0
DA:333,0
DA:335,0
DA:340,0
DA:342,0
DA:343,0
DA:348,0
DA:349,0
DA:350,0
DA:352,0
DA:355,0
DA:360,0
DA:363,0
DA:368,0
DA:374,0
DA:375,0
DA:376,0
DA:377,0
DA:378,0
DA:379,0
DA:380,0
DA:383,0
DA:384,0
DA:386,0
DA:390,0
DA:391,0
DA:393,0
DA:396,0
DA:397,0
DA:400,0
DA:401,0
DA:406,0
DA:407,0
DA:409,0
DA:410,0
DA:411,0
DA:412,0
DA:413,0
DA:414,0
DA:415,0
DA:418,0
DA:421,0
DA:422,0
DA:425,0
DA:426,0
DA:427,0
DA:428,0
DA:430,0
DA:442,0
DA:445,0
DA:451,0
DA:452,0
DA:453,0
DA:459,0
DA:461,0
DA:463,0
DA:465,0
DA:471,0
DA:477,0
DA:478,0
DA:479,0
DA:481,0
DA:484,0
DA:489,0
DA:492,0
DA:497,0
DA:502,0
DA:503,0
DA:504,0
DA:505,0
DA:506,0
DA:508,0
DA:509,0
DA:511,0
DA:514,0
DA:518,0
DA:520,0
DA:521,0
DA:522,0
DA:526,0
DA:527,0
DA:528,0
DA:532,0
DA:533,0
DA:534,0
DA:536,0
DA:543,0
DA:544,0
DA:547,0
DA:551,0
DA:552,0
DA:555,0
DA:561,51
LF:240
LH:41
BRDA:18,0,0,0
BRDA:21,1,0,7
BRDA:21,1,1,1
BRDA:47,2,0,0
BRDA:47,2,1,0
BRDA:56,3,0,0
BRDA:56,3,1,0
BRDA:69,4,0,2558
BRDA:85,5,0,0
BRDA:91,6,0,0
BRDA:91,6,1,7
BRDA:103,7,0,0
BRDA:108,8,0,0
BRDA:108,8,1,0
BRDA:121,9,0,0
BRDA:121,9,1,5
BRDA:143,10,0,0
BRDA:143,10,1,0
BRDA:152,11,0,0
BRDA:152,11,1,0
BRDA:161,12,0,0
BRDA:161,12,1,0
BRDA:169,13,0,0
BRDA:169,13,1,1
BRDA:175,14,0,0
BRDA:175,14,1,0
BRDA:183,15,0,0
BRDA:183,15,1,0
BRDA:283,16,0,0
BRDA:283,16,1,0
BRDA:347,17,0,0
BRDA:373,18,0,0
BRDA:375,19,0,0
BRDA:375,19,1,0
BRDA:414,20,0,0
BRDA:414,20,1,0
BRDA:476,21,0,0
BRDA:501,22,0,0
BRDA:505,23,0,0
BRDA:505,23,1,0
BRDA:508,24,0,0
BRDA:508,24,1,0
BRDA:508,25,0,0
BRDA:508,25,1,0
BRDA:531,26,0,0
BRDA:533,27,0,0
BRDA:533,27,1,0
BRDA:543,28,0,0
BRDA:543,28,1,0
BRDA:551,29,0,0
BRDA:551,29,1,0
BRF:51
BRH:6
end_of_record
TN:
SF:/Users/carsonnwright/Projects/longtrail/lib/model/associationHelpers/findBy.js
FN:1,(anonymous_0)
FN:2,(anonymous_1)
FN:8,(anonymous_2)
FN:17,(anonymous_3)
FNF:4
FNH:0
FNDA:0,(anonymous_0)
FNDA:0,(anonymous_1)
FNDA:0,(anonymous_2)
FNDA:0,(anonymous_3)
DA:1,10
DA:2,0
DA:3,0
DA:5,0
DA:8,0
DA:9,0
DA:10,0
DA:11,0
DA:13,0
DA:17,0
DA:18,0
DA:20,0
DA:21,0
DA:23,0
DA:27,0
LF:15
LH:1
BRDA:10,0,0,0
BRDA:10,0,1,0
BRDA:20,1,0,0
BRDA:20,1,1,0
BRF:4
BRH:0
end_of_record
TN:
SF:/Users/carsonnwright/Projects/longtrail/lib/model/associationHelpers/firstAndLast.js
FN:1,(anonymous_0)
FN:3,(anonymous_1)
FN:12,(anonymous_2)
FNF:3
FNH:0
FNDA:0,(anonymous_0)
FNDA:0,(anonymous_1)
FNDA:0,(anonymous_2)
DA:1,10
DA:3,0
DA:4,0
DA:6,0
DA:7,0
DA:9,0
DA:12,0
DA:13,0
DA:15,0
DA:16,0
DA:18,0
DA:22,0
LF:12
LH:1
BRDA:4,0,0,0
BRDA:4,0,1,0
BRDA:6,1,0,0
BRDA:6,1,1,0
BRDA:13,2,0,0
BRDA:13,2,1,0
BRDA:15,3,0,0
BRDA:15,3,1,0
BRF:8
BRH:0
end_of_record
TN:
SF:/Users/carsonnwright/Projects/longtrail/lib/model/associationHelpers/index.js
FN:7,(anonymous_0)
FNF:1
FNH:0
FNDA:0,(anonymous_0)
DA:1,10
DA:3,10
DA:4,10
DA:5,10
DA:7,10
DA:8,0
DA:10,0
LF:7
LH:5
BRF:0
BRH:0
end_of_record
TN:
SF:/Users/carsonnwright/Projects/longtrail/lib/model/associationHelpers/ltree.js
FN:4,(anonymous_0)
FN:6,(anonymous_1)
FN:10,(anonymous_2)
FN:14,(anonymous_3)
FNF:4
FNH:0
FNDA:0,(anonymous_0)
FNDA:0,(anonymous_1)
FNDA:0,(anonymous_2)
FNDA:0,(anonymous_3)
DA:4,10
DA:5,0
DA:7,0
DA:8,0
DA:11,0
DA:12,0
DA:15,0
DA:16,0
DA:20,0
LF:9
LH:1
BRF:0
BRH:0
end_of_record
TN:
SF:/Users/carsonnwright/Projects/longtrail/lib/processors/driver.js
FN:5,(anonymous_0)
FN:8,(anonymous_1)
FN:36,(anonymous_2)
FN:41,(anonymous_3)
FN:48,(anonymous_4)
FN:53,(anonymous_5)
FN:60,(anonymous_6)
FN:67,(anonymous_7)
FN:82,(anonymous_8)
FN:109,(anonymous_9)
FN:110,(anonymous_10)
FN:126,(anonymous_11)
FNF:12
FNH:8
FNDA:51,(anonymous_0)
FNDA:79,(anonymous_1)
FNDA:13,(anonymous_2)
FNDA:0,(anonymous_3)
FNDA:0,(anonymous_4)
FNDA:62,(anonymous_5)
FNDA:0,(anonymous_6)
FNDA:0,(anonymous_7)
FNDA:65,(anonymous_8)
FNDA:66,(anonymous_9)
FNDA:66,(anonymous_10)
FNDA:62,(anonymous_11)
DA:1,10
DA:2,10
DA:4,10
DA:6,51
DA:9,79
DA:10,17
DA:16,17
DA:17,17
DA:19,62
DA:22,79
DA:23,79
DA:25,79
DA:26,13
DA:27,13
DA:28,0
DA:31,0
DA:33,13
DA:36,13
DA:37,13
DA:39,13
DA:41,13
DA:42,0
DA:48,13
DA:49,0
DA:53,13
DA:54,62
DA:60,13
DA:61,0
DA:67,13
DA:68,0
DA:70,0
DA:71,0
DA:73,0
DA:75,0
DA:82,13
DA:83,65
DA:84,65
DA:85,65
DA:86,65
DA:87,65
DA:88,65
DA:89,65
DA:90,65
DA:91,65
DA:92,65
DA:93,65
DA:94,65
DA:95,65
DA:96,64
DA:99,0
DA:110,66
DA:111,66
DA:112,66
DA:113,66
DA:115,66
DA:116,0
DA:118,0
DA:123,66
DA:126,66
DA:127,62
DA:133,66
DA:135,0
DA:140,51
DA:141,51
DA:143,51
LF:65
LH:51
BRDA:9,0,0,17
BRDA:9,0,1,62
BRDA:25,1,0,13
BRDA:25,1,1,66
BRDA:27,2,0,0
BRDA:27,2,1,13
BRDA:29,3,0,0
BRDA:29,3,1,0
BRDA:39,4,0,0
BRDA:39,4,1,13
BRDA:42,5,0,0
BRDA:42,5,1,0
BRDA:49,6,0,0
BRDA:49,6,1,0
BRDA:54,7,0,0
BRDA:54,7,1,62
BRDA:61,8,0,0
BRDA:61,8,1,0
BRDA:68,9,0,0
BRDA:68,9,1,0
BRDA:82,10,0,13
BRDA:82,10,1,13
BRDA:89,11,0,65
BRDA:89,11,1,0
BRDA:94,12,0,65
BRDA:94,12,1,0
BRDA:109,13,0,0
BRDA:109,14,0,19
BRDA:115,15,0,0
BRDA:115,15,1,66
BRF:30
BRH:13
end_of_record
TN:
SF:/Users/carsonnwright/Projects/longtrail/lib/processors/example.js
FN:5,(anonymous_0)
FN:18,(anonymous_1)
FNF:2
FNH:0
FNDA:0,(anonymous_0)
FNDA:0,(anonymous_1)
DA:1,0
DA:2,0
DA:6,0
DA:23,0
LF:4
LH:0
BRF:0
BRH:0
end_of_record
TN:
SF:/Users/carsonnwright/Projects/longtrail/lib/processors/generate.js
FN:6,(anonymous_0)
FNF:1
FNH:0
FNDA:0,(anonymous_0)
DA:1,0
DA:2,0
DA:3,0
DA:4,0
DA:6,0
DA:7,0
DA:8,0
DA:9,0
DA:12,0
DA:14,0
DA:16,0
DA:17,0
DA:20,0
DA:21,0
DA:23,0
DA:24,0
DA:25,0
LF:17
LH:0
BRDA:16,0,0,0
BRDA:16,0,1,0
BRF:2
BRH:0
end_of_record
TN:
SF:/Users/carsonnwright/Projects/longtrail/lib/processors/index.js
FN:9,(anonymous_0)
FNF:1
FNH:1
FNDA:51,(anonymous_0)
DA:1,10
DA:2,10
DA:3,10
DA:4,10
DA:8,10
DA:10,51
DA:11,51
DA:12,51
DA:13,51
DA:14,51
DA:15,51
DA:21,51
LF:12
LH:12
BRF:0
BRH:0
end_of_record
TN:
SF:/Users/carsonnwright/Projects/longtrail/lib/processors/processor.js
FN:4,(anonymous_0)
FN:6,(anonymous_1)
FN:14,(anonymous_2)
FN:18,(anonymous_3)
FN:22,(anonymous_4)
FN:32,(anonymous_5)
FN:35,(anonymous_6)
FN:38,(anonymous_7)
FN:41,(anonymous_8)
FN:44,(anonymous_9)
FN:45,(anonymous_10)
FN:70,(anonymous_11)
FN:74,(anonymous_12)
FN:78,(anonymous_13)
FN:82,(anonymous_14)
FN:110,(anonymous_15)
FN:114,(anonymous_16)
FN:118,(anonymous_17)
FN:138,(anonymous_18)
FN:140,(anonymous_19)
FN:147,(anonymous_20)
FN:153,(anonymous_21)
FN:161,(anonymous_22)
FN:165,(anonymous_23)
FN:171,(anonymous_24)
FN:173,(anonymous_25)
FN:176,(anonymous_26)
FN:191,(anonymous_27)
FN:200,(anonymous_28)
FN:203,(anonymous_29)
FN:206,(anonymous_30)
FN:212,(anonymous_31)
FN:224,(anonymous_32)
FN:228,(anonymous_33)
FN:232,(anonymous_34)
FNF:35
FNH:17
FNDA:51,(anonymous_0)
FNDA:78,(anonymous_1)
FNDA:35,(anonymous_2)
FNDA:0,(anonymous_3)
FNDA:13,(anonymous_4)
FNDA:0,(anonymous_5)
FNDA:0,(anonymous_6)
FNDA:13,(anonymous_7)
FNDA:11,(anonymous_8)
FNDA:14,(anonymous_9)
FNDA:14,(anonymous_10)
FNDA:0,(anonymous_11)
FNDA:0,(anonymous_12)
FNDA:0,(anonymous_13)
FNDA:68,(anonymous_14)
FNDA:0,(anonymous_15)
FNDA:13,(anonymous_16)
FNDA:31,(anonymous_17)
FNDA:65,(anonymous_18)
FNDA:0,(anonymous_19)
FNDA:0,(anonymous_20)
FNDA:65,(anonymous_21)
FNDA:0,(anonymous_22)
FNDA:47,(anonymous_23)
FNDA:125,(anonymous_24)
FNDA:112,(anonymous_25)
FNDA:13,(anonymous_26)
FNDA:0,(anonymous_27)
FNDA:0,(anonymous_28)
FNDA:0,(anonymous_29)
FNDA:0,(anonymous_30)
FNDA:0,(anonymous_31)
FNDA:0,(anonymous_32)
FNDA:0,(anonymous_33)
FNDA:0,(anonymous_34)
DA:1,10
DA:3,10
DA:7,78
DA:11,78
DA:15,35
DA:19,0
DA:23,13
DA:25,13
DA:26,0
DA:28,13
DA:33,0
DA:36,0
DA:45,14
DA:46,14
DA:47,14
DA:48,13
DA:49,13
DA:50,13
DA:52,13
DA:56,13
DA:57,13
DA:59,0
DA:60,0
DA:63,1
DA:67,14
DA:71,0
DA:75,0
DA:79,0
DA:84,68
DA:85,37
DA:87,31
DA:90,68
DA:91,0
DA:94,68
DA:95,0
DA:98,68
DA:99,0
DA:102,68
DA:103,0
DA:106,68
DA:111,0
DA:115,13
DA:120,31
DA:121,31
DA:122,31
DA:124,0
DA:127,31
DA:128,31
DA:129,31
DA:131,0
DA:134,31
DA:135,31
DA:139,65
DA:141,0
DA:148,0
DA:154,65
DA:156,65
DA:157,65
DA:166,47
DA:168,47
DA:172,125
DA:174,112
DA:178,13
DA:179,0
DA:180,0
DA:182,13
DA:185,13
DA:192,0
DA:193,0
DA:194,0
DA:195,0
DA:196,0
DA:201,0
DA:202,0
DA:204,0
DA:207,0
DA:213,0
DA:225,0
DA:229,0
DA:237,51
DA:241,51
LF:81
LH:49
BRDA:8,0,0,78
BRDA:8,0,1,0
BRDA:25,1,0,0
BRDA:25,1,1,13
BRDA:47,2,0,13
BRDA:47,2,1,1
BRDA:48,3,0,13
BRDA:48,3,1,0
BRDA:48,4,0,13
BRDA:48,4,1,13
BRDA:54,5,0,13
BRDA:54,5,1,13
BRDA:84,6,0,37
BRDA:84,6,1,31
BRDA:90,7,0,0
BRDA:90,7,1,68
BRDA:94,8,0,0
BRDA:94,8,1,68
BRDA:98,9,0,0
BRDA:98,9,1,68
BRDA:102,10,0,0
BRDA:102,10,1,68
BRDA:128,11,0,31
BRDA:128,11,1,31
BRDA:129,12,0,31
BRDA:129,12,1,0
BRDA:142,13,0,0
BRDA:142,13,1,0
BRDA:156,14,0,65
BRDA:156,14,1,0
BRDA:165,15,0,0
BRDA:165,16,0,16
BRDA:174,17,0,112
BRDA:174,17,1,41
BRDA:178,18,0,0
BRDA:178,18,1,13
BRDA:200,19,0,0
BRDA:206,20,0,0
BRDA:212,21,0,0
BRF:39
BRH:23
end_of_record
TN:
SF:/Users/carsonnwright/Projects/longtrail/lib/processors/supervisor.js
FN:6,(anonymous_0)
FN:15,(anonymous_1)
FN:18,(anonymous_2)
FN:21,(anonymous_3)
FN:24,(anonymous_4)
FN:82,(anonymous_5)
FN:86,(anonymous_6)
FN:90,(anonymous_7)
FN:105,(anonymous_8)
FN:106,(anonymous_9)
FNF:10
FNH:10
FNDA:51,(anonymous_0)
FNDA:46,(anonymous_1)
FNDA:116,(anonymous_2)
FNDA:26,(anonymous_3)
FNDA:34,(anonymous_4)
FNDA:68,(anonymous_5)
FNDA:31,(anonymous_6)
FNDA:12,(anonymous_7)
FNDA:12,(anonymous_8)
FNDA:12,(anonymous_9)
DA:1,10
DA:2,10
DA:3,10
DA:5,10
DA:7,51
DA:8,0
DA:10,51
DA:11,0
DA:16,46
DA:19,116
DA:25,34
DA:27,34
DA:28,34
DA:30,0
DA:36,34
DA:37,34
DA:38,33
DA:39,33
DA:42,68
DA:43,68
DA:44,31
DA:45,15
DA:46,16
DA:48,31
DA:50,31
DA:51,15
DA:56,31
DA:57,31
DA:60,31
DA:62,31
DA:73,33
DA:75,0
DA:83,68
DA:87,31
DA:91,12
DA:92,12
DA:94,12
DA:95,0
DA:96,0
DA:97,0
DA:98,0
DA:100,0
DA:102,12
DA:106,12
DA:108,12
DA:109,0
DA:111,12
DA:112,12
DA:114,12
DA:115,12
DA:117,12
DA:122,12
DA:123,12
DA:125,12
DA:126,3
DA:137,51
LF:56
LH:46
BRDA:7,0,0,0
BRDA:7,0,1,51
BRDA:10,1,0,0
BRDA:10,1,1,51
BRDA:38,2,0,33
BRDA:38,2,1,0
BRDA:43,3,0,31
BRDA:43,3,1,37
BRDA:44,4,0,15
BRDA:44,4,1,16
BRDA:46,5,0,16
BRDA:46,5,1,0
BRDA:50,6,0,15
BRDA:50,6,1,16
BRDA:50,7,0,31
BRDA:50,7,1,19
BRDA:52,8,0,15
BRDA:52,8,1,3
BRDA:58,9,0,31
BRDA:58,9,1,31
BRDA:60,10,0,31
BRDA:60,10,1,0
BRDA:83,11,0,68
BRDA:83,11,1,8
BRDA:83,12,0,8
BRDA:83,12,1,0
BRDA:87,13,0,31
BRDA:87,13,1,31
BRDA:94,14,0,0
BRDA:94,14,1,12
BRDA:96,15,0,0
BRDA:96,15,1,0
BRDA:105,16,0,12
BRDA:108,17,0,0
BRDA:108,17,1,12
BRDA:114,18,0,12
BRDA:114,18,1,0
BRDA:125,19,0,3
BRDA:125,19,1,9
BRF:39
BRH:28
end_of_record
TN:
SF:/Users/carsonnwright/Projects/longtrail/lib/processors/worker.js
FN:6,(anonymous_0)
FN:12,(anonymous_1)
FN:46,(anonymous_2)
FNF:3
FNH:3
FNDA:51,(anonymous_0)
FNDA:1,(anonymous_1)
FNDA:20,(anonymous_2)
DA:2,10
DA:3,10
DA:5,10
DA:7,51
DA:8,0
DA:13,1
DA:14,0
DA:16,1
DA:17,1
DA:18,0
DA:20,1
DA:22,1
DA:23,0
DA:24,0
DA:25,0
DA:28,1
DA:30,1
DA:35,1
DA:37,1
DA:38,1
DA:47,20
DA:49,20
DA:50,19
DA:51,19
DA:55,19
DA:56,1
DA:57,0
DA:61,51
LF:28
LH:21
BRDA:7,0,0,0
BRDA:7,0,1,51
BRDA:12,1,0,1
BRDA:13,2,0,0
BRDA:13,2,1,1
BRDA:17,3,0,0
BRDA:17,3,1,1
BRDA:22,4,0,0
BRDA:22,4,1,1
BRDA:24,5,0,0
BRDA:24,5,1,0
BRDA:37,6,0,1
BRDA:37,6,1,0
BRDA:49,7,0,19
BRDA:49,7,1,1
BRDA:56,8,0,0
BRDA:56,8,1,1
BRF:17
BRH:9
end_of_record
TN:
SF:/Users/carsonnwright/Projects/longtrail/lib/redis/createClient.js
FN:6,createClient
FNF:1
FNH:1
FNDA:66,createClient
DA:3,11
DA:4,11
DA:6,11
DA:8,66
DA:11,3
DA:12,1
DA:14,2
DA:15,1
DA:17,1
DA:19,2
DA:20,2
DA:21,2
DA:23,63
DA:25,8
DA:26,8
DA:27,8
DA:30,8
DA:31,6
DA:32,1
DA:34,6
DA:35,6
DA:36,5
DA:37,1
DA:38,1
DA:41,6
DA:42,3
DA:44,6
DA:45,6
DA:47,6
DA:48,6
DA:50,6
DA:52,6
DA:54,2
DA:55,2
DA:56,1
DA:58,1
DA:61,1
DA:64,2
DA:65,1
DA:67,1
DA:70,55
DA:71,55
DA:72,55
DA:73,55
DA:75,55
DA:76,1
DA:85,62
LF:47
LH:47
BRDA:8,0,0,3
BRDA:8,0,1,63
BRDA:8,1,0,66
BRDA:8,1,1,63
BRDA:8,1,2,7
BRDA:11,2,0,1
BRDA:11,2,1,2
BRDA:14,3,0,1
BRDA:14,3,1,1
BRDA:14,4,0,2
BRDA:14,4,1,1
BRDA:14,4,2,1
BRDA:17,5,0,1
BRDA:17,5,1,1
BRDA:20,6,0,2
BRDA:20,6,1,1
BRDA:23,7,0,8
BRDA:23,7,1,55
BRDA:23,8,0,63
BRDA:23,8,1,56
BRDA:23,8,2,5
BRDA:25,9,0,1
BRDA:25,9,1,7
BRDA:25,10,0,7
BRDA:25,10,1,7
BRDA:26,11,0,8
BRDA:26,11,1,7
BRDA:30,12,0,6
BRDA:30,12,1,2
BRDA:31,13,0,1
BRDA:31,13,1,5
BRDA:34,14,0,6
BRDA:34,14,1,0
BRDA:35,15,0,5
BRDA:35,15,1,1
BRDA:36,16,0,5
BRDA:36,16,1,5
BRDA:37,17,0,1
BRDA:37,17,1,0
BRDA:41,18,0,3
BRDA:41,18,1,3
BRDA:41,19,0,6
BRDA:41,19,1,4
BRDA:44,20,0,6
BRDA:44,20,1,0
BRDA:47,21,0,6
BRDA:47,21,1,0
BRDA:50,22,0,6
BRDA:50,22,1,0
BRDA:54,23,0,2
BRDA:54,23,1,0
BRDA:55,24,0,1
BRDA:55,24,1,1
BRDA:64,25,0,1
BRDA:64,25,1,1
BRDA:70,26,0,55
BRDA:70,26,1,0
BRDA:70,27,0,55
BRDA:70,27,1,51
BRDA:71,28,0,55
BRDA:71,28,1,51
BRDA:72,29,0,55
BRDA:72,29,1,55
BRDA:73,30,0,1
BRDA:73,30,1,54
BRDA:75,31,0,1
BRDA:75,31,1,54
BRDA:75,32,0,55
BRDA:75,32,1,4
BRF:69
BRH:62
end_of_record
TN:
SF:/Users/carsonnwright/Projects/longtrail/lib/redis/index.js
FN:6,(anonymous_0)
FN:10,(anonymous_1)
FN:11,(anonymous_2)
FN:23,(anonymous_3)
FN:26,(anonymous_4)
FN:27,(anonymous_5)
FN:37,(anonymous_6)
FN:39,(anonymous_7)
FN:42,(anonymous_8)
FN:54,(anonymous_9)
FNF:10
FNH:10
FNDA:18,(anonymous_0)
FNDA:16,(anonymous_1)
FNDA:16,(anonymous_2)
FNDA:130,(anonymous_3)
FNDA:129,(anonymous_4)
FNDA:125,(anonymous_5)
FNDA:142,(anonymous_6)
FNDA:15,(anonymous_7)
FNDA:127,(anonymous_8)
FNDA:51,(anonymous_9)
DA:1,10
DA:2,10
DA:3,10
DA:7,18
DA:8,17
DA:10,16
DA:11,16
DA:12,16
DA:13,0
DA:15,16
DA:19,16
DA:24,130
DA:26,129
DA:27,129
DA:28,125
DA:29,1
DA:31,124
DA:38,142
DA:40,15
DA:43,127
DA:44,126
DA:46,122
DA:53,10
DA:55,51
LF:24
LH:23
BRDA:7,0,0,1
BRDA:7,0,1,17
BRDA:8,1,0,1
BRDA:8,1,1,16
BRDA:12,2,0,0
BRDA:12,2,1,16
BRDA:19,3,0,16
BRDA:19,3,1,16
BRDA:24,4,0,1
BRDA:24,4,1,129
BRDA:28,5,0,1
BRDA:28,5,1,124
BRDA:43,6,0,1
BRDA:43,6,1,126
BRF:14
BRH:13
end_of_record
TN:
SF:/Users/carsonnwright/Projects/longtrail/lib/redis/utils.js
FN:7,clone
FN:39,convenienceClone
FNF:2
FNH:2
FNDA:71,clone
FNDA:65,convenienceClone
DA:9,71
DA:10,1
DA:11,1
DA:12,1
DA:14,1
DA:16,70
DA:17,6
DA:18,6
DA:20,6
DA:21,6
DA:22,1
DA:23,1
DA:26,5
DA:29,5
DA:30,1
DA:32,5
DA:34,6
DA:36,64
DA:40,65
DA:41,65
DA:42,65
DA:43,1
DA:45,65
DA:49,11
LF:24
LH:24
BRDA:9,0,0,1
BRDA:9,0,1,70
BRDA:16,1,0,6
BRDA:16,1,1,64
BRDA:21,2,0,1
BRDA:21,2,1,5
BRDA:29,3,0,1
BRDA:29,3,1,4
BRDA:41,4,0,65
BRDA:41,4,1,59
BRDA:42,5,0,1
BRDA:42,5,1,64
BRF:12
BRH:12
end_of_record
